SF:lib\a_models\chain\chain.dart
DA:13,0
DA:22,0
DA:29,0
DA:30,0
DA:34,0
DA:35,0
DA:38,0
DA:39,0
DA:58,0
DA:60,0
DA:61,0
DA:62,0
DA:66,0
DA:68,0
DA:69,0
DA:70,0
DA:72,0
DA:73,0
DA:75,0
DA:78,0
DA:79,0
DA:87,0
DA:90,0
DA:91,0
DA:92,0
DA:94,0
DA:95,0
DA:96,0
DA:98,0
DA:99,0
DA:105,0
DA:107,0
DA:108,0
DA:109,0
DA:111,0
DA:112,0
DA:113,0
DA:115,0
DA:116,0
DA:121,0
DA:123,0
DA:125,0
DA:127,0
DA:128,0
DA:129,0
DA:137,0
DA:141,0
DA:142,0
DA:143,0
DA:150,0
DA:158,0
DA:161,0
DA:162,0
DA:167,0
DA:173,0
DA:174,0
DA:175,0
DA:176,0
DA:185,0
DA:186,0
DA:188,0
DA:190,0
DA:191,0
DA:192,0
DA:204,0
DA:209,0
DA:210,0
DA:213,0
DA:215,0
DA:218,0
DA:219,0
DA:222,0
DA:224,0
DA:227,0
DA:229,0
DA:230,0
DA:235,0
DA:236,0
DA:249,0
DA:252,0
DA:260,0
DA:265,0
DA:272,0
DA:273,0
DA:278,0
DA:286,0
DA:288,0
DA:299,0
DA:303,0
DA:304,0
DA:305,0
DA:307,0
DA:308,0
DA:309,0
DA:312,0
DA:314,0
DA:316,0
DA:320,0
DA:321,0
DA:322,0
DA:323,0
DA:328,0
DA:329,0
DA:330,0
DA:331,0
DA:336,0
DA:337,0
DA:345,0
DA:353,0
DA:355,0
DA:358,0
DA:360,0
DA:362,0
DA:363,0
DA:364,0
DA:368,0
DA:370,0
DA:388,0
DA:393,0
DA:399,0
DA:412,0
DA:450,0
DA:454,0
DA:455,0
DA:456,0
DA:461,0
DA:470,0
DA:476,0
DA:477,0
DA:478,0
DA:485,0
DA:486,0
DA:487,0
DA:496,0
DA:503,0
DA:509,0
DA:511,0
DA:513,0
DA:518,0
DA:535,0
DA:538,0
DA:539,0
DA:540,0
DA:541,0
DA:542,0
DA:543,0
DA:544,0
DA:545,0
DA:552,0
DA:556,0
DA:560,0
DA:561,0
DA:562,0
DA:566,0
DA:567,0
DA:571,0
DA:572,0
DA:573,0
DA:577,0
DA:583,0
DA:589,0
DA:593,0
DA:596,0
DA:598,0
DA:604,0
DA:605,0
DA:615,0
DA:623,0
DA:625,0
DA:627,0
DA:632,0
DA:634,0
DA:636,0
DA:653,0
DA:657,0
DA:660,0
DA:662,0
DA:665,0
DA:667,0
DA:673,0
DA:683,0
DA:687,0
DA:690,0
DA:692,0
DA:695,0
DA:697,0
DA:703,0
DA:714,0
DA:717,0
DA:721,0
DA:723,0
DA:726,0
DA:728,0
DA:729,0
DA:732,0
DA:742,0
DA:745,0
DA:747,0
DA:749,0
DA:751,0
DA:755,0
DA:769,0
DA:776,0
DA:780,0
DA:783,0
DA:784,0
DA:785,0
DA:788,0
DA:789,0
DA:798,0
DA:804,0
DA:809,0
DA:812,0
DA:817,0
DA:818,0
DA:824,0
DA:831,0
DA:838,0
DA:842,0
DA:844,0
DA:846,0
DA:848,0
DA:854,0
DA:855,0
DA:858,0
DA:861,0
DA:876,0
DA:877,0
DA:879,0
DA:898,0
DA:908,0
DA:910,0
DA:914,0
DA:919,0
DA:921,0
DA:923,0
DA:926,0
DA:932,0
DA:933,0
DA:934,0
LF:240
LH:0
end_of_record
SF:lib\a_models\chain\chain_path_converter\chain_path_converter.dart
DA:12,0
DA:20,0
DA:21,0
DA:22,0
DA:26,0
DA:28,0
DA:29,0
DA:31,0
DA:32,0
DA:34,0
DA:37,0
DA:47,0
DA:53,0
DA:54,0
DA:55,0
DA:58,0
DA:59,0
DA:67,0
DA:71,0
DA:73,0
DA:78,0
DA:86,0
DA:90,0
DA:91,0
DA:92,0
DA:104,0
DA:109,0
DA:111,0
DA:121,0
DA:126,0
DA:128,0
DA:130,0
DA:135,0
DA:141,0
DA:147,0
DA:148,0
DA:152,0
DA:159,0
DA:162,0
DA:168,0
DA:174,0
DA:176,0
DA:181,0
DA:183,0
DA:186,0
DA:187,0
DA:192,0
DA:199,0
DA:205,0
DA:207,0
DA:208,0
DA:211,0
DA:213,0
DA:216,0
DA:219,0
DA:222,0
DA:223,0
DA:228,0
DA:229,0
DA:230,0
DA:238,0
DA:241,0
DA:242,0
DA:244,0
DA:245,0
DA:248,0
DA:250,0
DA:251,0
DA:254,0
DA:259,0
DA:262,0
DA:265,0
DA:268,0
DA:270,0
DA:271,0
DA:273,0
DA:276,0
DA:280,0
DA:295,0
DA:300,0
DA:302,0
DA:307,0
DA:312,0
DA:318,0
DA:319,0
DA:326,0
DA:330,0
DA:332,0
DA:334,0
DA:337,0
DA:342,0
DA:344,0
DA:345,0
DA:346,0
DA:357,0
DA:361,0
DA:371,0
DA:373,0
DA:375,0
DA:376,0
DA:381,0
DA:385,0
DA:387,0
DA:389,0
DA:390,0
DA:395,0
DA:400,0
DA:402,0
DA:404,0
DA:406,0
DA:408,0
DA:418,0
DA:423,0
DA:425,0
DA:427,0
DA:429,0
DA:431,0
DA:433,0
DA:436,0
DA:442,0
DA:450,0
DA:456,0
DA:458,0
DA:460,0
DA:462,0
DA:476,0
DA:480,0
DA:482,0
DA:484,0
DA:486,0
DA:491,0
DA:492,0
DA:502,0
DA:507,0
DA:513,0
DA:518,0
DA:530,0
DA:535,0
DA:537,0
DA:539,0
DA:540,0
DA:549,0
DA:551,0
DA:553,0
DA:556,0
DA:557,0
DA:565,0
DA:568,0
DA:570,0
DA:572,0
DA:586,0
DA:594,0
DA:595,0
DA:596,0
DA:597,0
DA:599,0
DA:600,0
DA:601,0
DA:602,0
DA:604,0
DA:605,0
LF:161
LH:0
end_of_record
SF:lib\a_models\flyer\flyer_model.dart
DA:17,1
DA:29,0
DA:84,0
DA:87,0
DA:88,0
DA:89,0
DA:90,0
DA:92,0
DA:93,0
DA:94,0
DA:95,0
DA:96,0
DA:98,0
DA:99,0
DA:101,0
DA:103,0
DA:105,0
DA:106,0
DA:107,0
DA:108,0
DA:109,0
DA:113,0
DA:117,0
DA:119,0
DA:121,0
DA:123,0
DA:125,0
DA:134,0
DA:140,0
DA:141,0
DA:142,0
DA:143,0
DA:145,0
DA:146,0
DA:147,0
DA:148,0
DA:149,0
DA:151,0
DA:152,0
DA:154,0
DA:156,0
DA:158,0
DA:159,0
DA:160,0
DA:161,0
DA:162,0
DA:164,0
DA:171,0
DA:175,0
DA:177,0
DA:179,0
DA:180,0
DA:191,0
DA:192,0
DA:193,0
DA:194,0
DA:195,0
DA:196,0
DA:197,0
DA:198,0
DA:199,0
DA:200,0
DA:201,0
DA:202,0
DA:203,0
DA:204,0
DA:205,0
DA:206,0
DA:207,0
DA:208,0
DA:209,0
DA:217,0
DA:218,0
DA:219,0
DA:226,0
DA:227,0
DA:229,0
DA:231,0
DA:232,0
DA:233,0
DA:241,0
DA:242,0
DA:244,0
DA:246,0
DA:247,0
DA:248,0
DA:260,0
DA:262,0
DA:263,0
DA:264,0
DA:265,0
DA:266,0
DA:267,0
DA:268,0
DA:273,0
DA:275,0
DA:276,0
DA:277,0
DA:278,0
DA:279,0
DA:280,0
DA:281,0
DA:296,0
DA:301,0
DA:302,0
DA:303,0
DA:304,0
DA:305,0
DA:306,0
DA:307,0
DA:316,0
DA:319,0
DA:322,0
DA:324,0
DA:325,0
DA:326,0
DA:327,0
DA:328,0
DA:329,0
DA:330,0
DA:331,0
DA:332,0
DA:333,0
DA:334,0
DA:335,0
DA:336,0
DA:337,0
DA:338,0
DA:339,0
DA:340,0
DA:342,0
DA:345,0
DA:350,0
DA:352,0
DA:354,0
DA:366,0
DA:367,0
DA:370,0
DA:371,0
DA:374,0
DA:378,0
DA:379,0
DA:382,0
DA:384,0
DA:385,0
DA:388,0
DA:392,0
DA:393,0
DA:394,0
DA:395,0
DA:396,0
DA:397,0
DA:405,0
DA:408,0
DA:410,0
DA:411,0
DA:418,0
DA:421,0
DA:423,0
DA:424,0
DA:431,0
DA:434,0
DA:436,0
DA:437,0
DA:445,0
DA:448,0
DA:449,0
DA:459,0
DA:463,0
DA:467,0
DA:468,0
DA:470,0
DA:472,0
DA:473,0
DA:481,0
DA:485,0
DA:487,0
DA:489,0
DA:494,0
DA:495,0
DA:496,0
DA:506,0
DA:511,0
DA:513,0
DA:515,0
DA:517,0
DA:518,0
DA:528,0
DA:534,0
DA:536,0
DA:538,0
DA:554,0
DA:559,0
DA:560,0
DA:561,0
DA:562,0
DA:563,0
DA:564,0
DA:565,0
DA:566,0
DA:567,0
DA:568,0
DA:569,0
DA:570,0
DA:572,0
DA:573,0
DA:574,0
DA:575,0
DA:576,0
DA:584,0
DA:590,0
DA:591,0
LF:212
LH:1
end_of_record
SF:lib\a_models\flyer\records\publish_time_model.dart
DA:8,0
DA:20,0
DA:21,0
DA:26,0
DA:27,0
DA:29,0
DA:30,0
DA:31,0
DA:42,0
DA:45,0
DA:46,0
DA:47,0
DA:51,0
DA:55,0
DA:57,0
DA:58,0
DA:59,0
DA:61,0
DA:62,0
DA:70,0
DA:74,0
DA:77,0
DA:78,0
DA:80,0
DA:81,0
DA:83,0
DA:85,0
DA:87,0
DA:88,0
DA:104,0
DA:108,0
DA:109,0
DA:110,0
DA:124,0
DA:133,0
DA:134,0
DA:140,0
DA:143,0
DA:145,0
DA:147,0
DA:149,0
DA:150,0
DA:151,0
DA:152,0
LF:44
LH:0
end_of_record
SF:lib\a_models\chain\spec_models\spec_model.dart
DA:139,2
DA:153,0
DA:173,0
DA:174,0
DA:178,0
DA:179,0
DA:181,0
DA:182,0
DA:183,0
DA:185,0
DA:186,0
DA:194,0
DA:195,0
DA:197,0
DA:199,0
DA:200,0
DA:201,0
DA:203,0
DA:206,0
DA:217,0
DA:218,0
DA:219,0
DA:220,0
DA:224,0
DA:225,0
DA:228,0
DA:229,0
DA:240,0
DA:244,0
DA:245,0
DA:254,0
DA:255,0
DA:256,0
DA:258,0
DA:263,0
DA:268,0
DA:274,0
DA:275,0
DA:276,0
DA:277,0
DA:289,0
DA:295,0
DA:297,0
DA:299,0
DA:307,0
DA:313,0
DA:314,0
DA:315,0
DA:316,0
DA:328,0
DA:334,0
DA:346,0
DA:347,0
DA:363,0
DA:364,0
DA:367,0
DA:368,0
DA:370,0
DA:371,0
DA:372,0
DA:376,0
DA:379,0
DA:386,0
DA:390,0
DA:392,0
DA:394,0
DA:395,0
DA:396,0
DA:398,0
DA:400,0
DA:406,0
DA:410,0
DA:412,0
DA:414,0
DA:415,0
DA:417,0
DA:423,0
DA:429,0
DA:431,0
DA:432,0
DA:433,0
DA:440,0
DA:445,0
DA:446,0
DA:448,0
DA:453,0
DA:454,0
DA:456,0
DA:457,0
DA:459,0
DA:460,0
DA:473,0
DA:483,0
DA:484,0
DA:487,0
DA:489,0
DA:492,0
DA:497,0
DA:503,0
DA:505,0
DA:509,0
DA:510,0
DA:511,0
DA:512,0
DA:517,0
DA:534,0
DA:537,0
DA:538,0
DA:540,0
DA:541,0
DA:543,0
DA:544,0
DA:545,0
DA:546,0
DA:547,0
DA:548,0
DA:557,0
DA:562,0
DA:564,0
DA:565,0
DA:567,0
DA:576,0
DA:581,0
DA:583,0
DA:586,0
DA:588,0
DA:591,0
DA:593,0
DA:595,0
DA:597,0
DA:606,0
DA:607,0
LF:132
LH:1
end_of_record
SF:lib\e_db\fire\ops\app_state_ops.dart
DA:12,0
DA:19,0
DA:24,0
DA:28,0
DA:38,0
DA:40,0
DA:46,0
DA:54,0
DA:60,0
DA:65,0
DA:75,0
DA:80,0
DA:88,0
DA:93,0
DA:95,0
DA:99,0
DA:107,0
DA:109,0
DA:111,0
DA:113,0
DA:114,0
DA:117,0
DA:125,0
DA:127,0
DA:129,0
DA:131,0
DA:132,0
DA:135,0
DA:143,0
DA:145,0
DA:147,0
DA:148,0
DA:151,0
DA:159,0
DA:161,0
DA:163,0
DA:164,0
DA:165,0
DA:168,0
DA:176,0
DA:178,0
DA:180,0
DA:181,0
DA:182,0
DA:185,0
DA:197,0
DA:198,0
DA:199,0
DA:203,1
DA:209,1
DA:210,1
DA:212,2
DA:213,3
DA:223,1
DA:224,1
DA:226,2
DA:229,1
DA:230,2
DA:232,1
DA:233,2
DA:235,2
DA:236,2
DA:238,1
DA:239,2
DA:241,1
DA:245,2
LF:66
LH:18
end_of_record
SF:lib\f_helpers\drafters\atlas.dart
DA:8,0
DA:15,0
DA:16,0
DA:17,0
DA:18,0
DA:27,0
DA:34,0
DA:36,0
DA:37,0
DA:39,0
DA:40,0
DA:42,0
DA:51,0
DA:55,0
DA:64,0
DA:65,0
DA:67,0
DA:68,0
DA:70,0
DA:71,0
DA:73,0
DA:74,0
DA:77,0
DA:78,0
DA:80,0
DA:85,0
LF:26
LH:0
end_of_record
SF:lib\f_helpers\drafters\imagers.dart
DA:32,1
DA:49,0
DA:53,0
DA:56,0
DA:58,0
DA:59,0
DA:64,0
DA:71,0
DA:75,0
DA:77,0
DA:79,0
DA:80,0
DA:85,0
DA:92,0
DA:99,0
DA:103,0
DA:104,0
DA:106,0
DA:131,0
DA:132,0
DA:134,0
DA:135,0
DA:161,0
DA:170,0
DA:171,0
DA:176,0
DA:177,0
DA:179,0
DA:180,0
DA:186,0
DA:249,0
DA:250,0
DA:254,0
DA:259,0
DA:264,0
DA:274,0
DA:280,0
DA:282,0
DA:284,0
DA:285,0
DA:290,0
DA:291,0
DA:292,0
DA:297,0
DA:304,0
DA:306,0
DA:309,0
DA:311,0
DA:315,0
DA:325,0
DA:327,0
DA:333,0
DA:338,0
DA:342,0
DA:350,0
DA:352,0
DA:355,0
DA:358,0
DA:361,0
DA:364,0
DA:365,0
DA:368,0
DA:375,0
DA:376,0
DA:377,0
DA:381,0
DA:383,0
DA:385,0
DA:386,0
DA:387,0
DA:394,0
DA:395,0
DA:397,0
DA:398,0
DA:399,0
DA:400,0
DA:407,0
DA:411,0
DA:413,0
DA:414,0
DA:415,0
DA:416,0
DA:417,0
DA:425,0
DA:426,0
DA:429,0
DA:431,0
DA:441,0
DA:445,0
DA:446,0
DA:451,0
DA:458,0
DA:459,0
DA:469,0
DA:470,0
DA:472,0
DA:475,0
DA:477,0
DA:479,0
DA:481,0
DA:483,0
DA:502,0
DA:504,0
DA:511,0
DA:512,0
DA:514,0
DA:515,0
DA:516,0
DA:523,0
DA:530,0
DA:532,0
DA:533,0
DA:534,0
DA:536,0
DA:537,0
DA:538,0
DA:539,0
DA:540,0
DA:541,0
DA:543,0
DA:544,0
DA:545,0
DA:546,0
DA:547,0
DA:548,0
DA:549,0
DA:550,0
DA:551,0
DA:552,0
DA:553,0
DA:554,0
DA:557,0
DA:558,0
DA:559,0
DA:560,0
DA:561,0
DA:562,0
DA:563,0
DA:564,0
DA:565,0
DA:566,0
DA:567,0
DA:568,0
DA:569,0
DA:570,0
DA:571,0
DA:572,0
DA:573,0
DA:574,0
DA:575,0
DA:576,0
DA:577,0
DA:578,0
DA:579,0
DA:580,0
DA:581,0
DA:582,0
DA:583,0
DA:584,0
DA:585,0
DA:586,0
DA:587,0
DA:588,0
DA:589,0
DA:590,0
DA:591,0
DA:594,0
DA:595,0
DA:596,0
DA:597,0
DA:598,0
DA:599,0
DA:600,0
DA:601,0
DA:602,0
DA:603,0
DA:604,0
DA:605,0
DA:606,0
DA:607,0
DA:608,0
DA:609,0
DA:610,0
DA:611,0
DA:612,0
DA:613,0
DA:614,0
DA:615,0
DA:616,0
DA:617,0
DA:618,0
DA:619,0
DA:620,0
DA:621,0
DA:622,0
DA:623,0
DA:624,0
DA:625,0
DA:626,0
DA:627,0
DA:628,0
DA:629,0
DA:630,0
DA:631,0
DA:632,0
DA:633,0
DA:634,0
DA:635,0
DA:636,0
DA:637,0
DA:638,0
DA:639,0
DA:640,0
DA:641,0
DA:642,0
DA:643,0
DA:644,0
DA:645,0
DA:646,0
DA:647,0
DA:648,0
DA:649,0
DA:650,0
DA:651,0
DA:652,0
DA:653,0
DA:654,0
DA:655,0
DA:656,0
DA:657,0
DA:658,0
DA:659,0
DA:660,0
DA:661,0
DA:662,0
DA:663,0
DA:664,0
DA:665,0
DA:666,0
DA:667,0
DA:668,0
DA:669,0
DA:670,0
DA:671,0
DA:672,0
DA:673,0
DA:674,0
DA:675,0
DA:676,0
DA:677,0
DA:678,0
DA:679,0
DA:680,0
DA:681,0
DA:682,0
DA:683,0
DA:684,0
DA:687,0
DA:694,0
DA:698,0
DA:704,0
DA:705,0
DA:707,0
DA:709,0
DA:716,0
DA:717,0
DA:722,0
DA:723,0
DA:727,0
DA:728,0
DA:730,0
DA:731,0
DA:732,0
DA:733,0
DA:741,0
DA:745,0
DA:747,0
DA:748,0
DA:750,0
DA:752,0
DA:753,0
DA:754,0
DA:758,0
DA:759,0
DA:760,0
DA:761,0
DA:764,0
DA:765,0
DA:766,0
DA:774,0
DA:776,0
DA:778,0
DA:781,0
DA:782,0
DA:784,0
DA:792,0
DA:795,0
DA:798,0
DA:801,0
DA:804,0
DA:806,0
DA:827,0
DA:833,0
DA:835,0
DA:838,0
DA:839,0
DA:841,0
DA:842,0
DA:846,0
DA:851,0
DA:852,0
DA:853,0
DA:857,0
DA:861,0
DA:869,0
DA:870,0
DA:874,0
DA:888,0
DA:891,0
DA:894,0
DA:906,0
DA:911,0
DA:912,0
DA:916,0
DA:918,0
DA:926,0
DA:930,0
DA:932,0
DA:941,0
DA:946,0
DA:956,0
DA:966,0
DA:984,0
DA:1004,0
DA:1005,0
DA:1006,0
DA:1007,0
DA:1013,0
DA:1015,0
DA:1016,0
DA:1018,0
DA:1021,0
DA:1028,0
DA:1030,0
DA:1035,0
DA:1039,0
DA:1050,0
DA:1051,0
DA:1068,0
DA:1078,0
DA:1081,0
DA:1082,0
DA:1093,0
DA:1096,0
DA:1097,0
DA:1099,0
DA:1123,0
DA:1125,0
DA:1128,0
DA:1131,0
DA:1134,0
DA:1137,0
DA:1140,0
DA:1143,0
DA:1146,0
DA:1154,0
DA:1156,0
DA:1159,0
DA:1162,0
DA:1165,0
DA:1168,0
DA:1171,0
DA:1174,0
LF:373
LH:1
end_of_record
SF:lib\f_helpers\drafters\mappers.dart
DA:15,0
DA:23,0
DA:25,0
DA:26,0
DA:27,0
DA:33,0
DA:41,0
DA:43,0
DA:44,0
DA:45,0
DA:51,0
DA:54,0
DA:56,0
DA:57,0
DA:58,0
DA:59,0
DA:61,0
DA:71,0
DA:75,0
DA:77,0
DA:79,0
DA:81,0
DA:82,0
DA:93,0
DA:98,0
DA:100,0
DA:102,0
DA:104,0
DA:106,0
DA:120,0
DA:125,0
DA:127,0
DA:129,0
DA:131,0
DA:136,0
DA:140,0
DA:150,0
DA:155,0
DA:157,0
DA:159,0
DA:161,0
DA:166,0
DA:167,0
DA:175,0
DA:178,0
DA:180,0
DA:182,0
DA:184,0
DA:185,0
DA:199,0
DA:205,0
DA:208,0
DA:217,0
DA:222,0
DA:224,0
DA:225,0
DA:227,0
DA:229,0
DA:230,0
DA:233,0
DA:234,0
DA:241,0
DA:248,0
DA:249,0
DA:251,0
DA:252,0
DA:253,0
DA:260,0
DA:261,0
DA:266,0
DA:272,0
DA:274,0
DA:275,0
DA:276,0
DA:279,0
DA:281,0
DA:286,0
DA:289,0
DA:291,0
DA:292,0
DA:295,0
DA:297,0
DA:298,0
DA:305,0
DA:307,0
DA:309,0
DA:311,0
DA:321,0
DA:322,0
DA:323,0
DA:333,0
DA:335,0
DA:336,0
DA:337,0
DA:345,0
DA:350,0
DA:358,0
DA:359,0
DA:361,0
DA:362,0
DA:372,0
DA:378,0
DA:381,0
DA:382,0
DA:388,0
DA:393,0
DA:396,0
DA:397,0
DA:398,0
DA:399,0
DA:400,0
DA:401,0
DA:407,0
DA:411,0
DA:413,0
DA:423,0
DA:426,0
DA:432,0
DA:446,0
DA:449,0
DA:450,0
DA:452,0
DA:453,0
DA:455,0
DA:458,0
DA:459,0
DA:470,0
DA:477,0
DA:478,0
DA:489,0
DA:505,0
DA:513,0
DA:519,0
DA:521,0
DA:526,0
DA:541,0
DA:550,0
DA:554,0
DA:556,0
DA:557,0
DA:558,0
DA:559,0
DA:564,0
DA:566,0
DA:567,0
DA:587,0
DA:593,0
DA:594,0
DA:604,0
DA:605,0
DA:607,0
DA:608,0
DA:610,0
DA:611,0
DA:614,0
DA:617,0
DA:618,0
DA:619,0
DA:620,0
LF:159
LH:0
end_of_record
SF:lib\f_helpers\drafters\numeric.dart
DA:11,0
DA:15,0
DA:16,0
DA:20,0
DA:21,0
DA:22,0
DA:24,0
DA:25,0
DA:27,0
DA:28,0
DA:30,0
DA:31,0
DA:35,0
DA:37,0
DA:38,0
DA:40,0
DA:50,0
DA:51,0
DA:52,0
DA:54,0
DA:55,0
DA:57,0
DA:58,0
DA:61,0
DA:64,0
DA:69,0
DA:70,0
DA:74,0
DA:75,0
DA:76,0
DA:77,0
DA:81,0
DA:82,0
DA:83,0
DA:87,0
DA:88,0
DA:89,0
DA:90,0
DA:92,0
DA:99,1
DA:103,1
DA:109,0
DA:114,0
DA:115,0
DA:121,0
DA:122,0
DA:123,0
DA:127,0
DA:128,0
DA:129,0
DA:132,0
DA:137,0
DA:140,0
DA:144,0
DA:145,0
DA:146,0
DA:156,0
DA:157,0
DA:159,0
DA:160,0
DA:161,0
DA:168,0
DA:171,0
DA:173,0
DA:175,0
DA:177,0
DA:183,0
DA:187,0
DA:191,0
DA:193,0
DA:196,0
DA:200,0
DA:202,0
DA:203,0
DA:209,0
DA:210,0
DA:214,0
DA:218,0
DA:220,0
DA:225,0
DA:226,0
DA:230,0
DA:231,0
DA:232,0
DA:235,0
DA:236,0
DA:237,0
DA:241,0
DA:245,0
DA:246,0
DA:249,0
DA:250,0
DA:251,0
DA:253,0
DA:261,0
DA:262,0
DA:263,0
DA:264,0
DA:265,0
DA:266,0
DA:267,0
DA:271,0
DA:275,0
DA:276,0
DA:279,0
DA:283,0
DA:285,0
DA:287,0
DA:292,0
DA:298,0
DA:300,0
DA:301,0
DA:307,0
DA:309,0
DA:310,0
DA:319,0
DA:324,0
DA:325,0
DA:329,0
DA:335,0
DA:337,0
DA:339,0
DA:340,0
DA:356,0
DA:362,0
DA:363,0
DA:369,0
DA:374,0
DA:378,0
DA:384,0
DA:388,0
DA:390,0
DA:392,0
DA:394,0
DA:398,0
DA:399,0
DA:403,0
DA:409,0
LF:138
LH:2
end_of_record
SF:lib\f_helpers\drafters\object_checkers.dart
DA:11,0
DA:12,0
DA:16,0
DA:17,0
DA:21,0
DA:24,0
DA:25,0
DA:29,0
DA:32,0
DA:33,0
DA:44,0
DA:45,0
DA:46,0
DA:51,0
DA:53,0
DA:64,0
DA:68,0
DA:77,0
DA:82,0
DA:84,0
DA:94,0
DA:97,0
DA:107,0
DA:110,0
DA:120,0
DA:123,0
DA:124,0
DA:125,0
DA:134,0
DA:139,0
DA:156,0
DA:161,0
DA:170,0
DA:175,0
DA:176,0
DA:181,0
DA:182,0
DA:187,0
DA:188,0
DA:193,0
DA:197,0
DA:198,0
DA:207,0
LF:43
LH:0
end_of_record
SF:lib\f_helpers\drafters\text_checkers.dart
DA:9,0
DA:10,0
DA:16,0
DA:17,0
DA:21,0
DA:22,0
DA:29,0
DA:46,0
DA:50,0
DA:54,0
DA:58,0
DA:69,0
DA:71,0
DA:72,0
DA:76,0
DA:80,0
DA:92,0
DA:93,0
DA:96,0
DA:99,0
DA:101,0
DA:113,0
DA:117,0
DA:118,0
DA:119,0
DA:120,0
DA:136,0
DA:138,0
DA:139,0
DA:145,0
DA:147,0
DA:148,0
DA:153,0
DA:155,0
DA:156,0
DA:165,0
DA:166,0
DA:168,0
DA:169,0
DA:170,0
DA:172,0
DA:206,0
DA:210,0
DA:211,0
DA:212,0
DA:224,0
DA:225,0
DA:229,1
DA:237,3
DA:279,0
DA:289,0
DA:293,0
DA:295,0
DA:309,0
DA:317,0
DA:330,0
DA:338,0
DA:340,0
DA:343,0
DA:347,0
DA:349,0
LF:61
LH:2
end_of_record
SF:lib\f_helpers\drafters\text_mod.dart
DA:10,0
DA:16,0
DA:18,0
DA:19,0
DA:29,0
DA:30,0
DA:34,0
DA:37,0
DA:46,0
DA:51,0
DA:60,0
DA:61,0
DA:63,0
DA:65,0
DA:68,0
DA:71,0
DA:79,0
DA:80,0
DA:83,0
DA:85,0
DA:88,0
DA:89,0
DA:90,0
DA:91,0
DA:92,0
DA:94,0
DA:97,0
DA:104,0
DA:105,0
DA:109,0
DA:111,0
DA:112,0
DA:113,0
DA:114,0
DA:120,0
DA:126,0
DA:133,0
DA:135,0
DA:136,0
DA:139,0
DA:140,0
DA:150,0
DA:163,0
DA:179,0
DA:180,0
DA:181,0
DA:182,0
DA:189,0
DA:192,0
DA:197,0
DA:198,0
DA:209,0
DA:212,0
DA:217,0
DA:218,0
DA:221,0
DA:222,0
DA:234,1
DA:237,1
DA:242,1
DA:243,0
DA:250,0
DA:253,0
DA:258,0
DA:259,0
DA:262,0
DA:275,0
DA:283,0
DA:284,0
DA:285,0
DA:286,0
DA:296,0
DA:299,0
DA:300,0
DA:306,0
DA:314,0
DA:318,0
DA:329,0
DA:330,0
DA:335,0
DA:362,0
DA:364,0
DA:365,0
DA:368,0
DA:374,0
DA:375,0
DA:376,0
DA:381,0
DA:382,0
DA:390,0
DA:399,0
DA:403,0
DA:404,0
DA:409,0
DA:415,0
DA:421,0
DA:427,0
DA:433,0
DA:439,0
DA:445,0
DA:451,0
DA:457,0
DA:463,0
DA:475,0
DA:478,0
LF:105
LH:3
end_of_record
SF:lib\f_helpers\drafters\timerz.dart
DA:68,0
DA:74,0
DA:78,0
DA:82,0
DA:86,0
DA:90,0
DA:94,0
DA:96,0
DA:98,0
DA:99,0
DA:110,0
DA:114,0
DA:116,0
DA:117,0
DA:118,0
DA:128,0
DA:132,0
DA:138,0
DA:142,0
DA:149,0
DA:153,0
DA:154,0
DA:160,0
DA:167,0
DA:172,0
DA:179,0
DA:188,0
DA:190,0
DA:191,0
DA:192,0
DA:193,0
DA:194,0
DA:195,0
DA:196,0
DA:197,0
DA:198,0
DA:199,0
DA:200,0
DA:205,0
DA:206,0
DA:210,0
DA:214,0
DA:215,0
DA:216,0
DA:217,0
DA:223,0
DA:227,0
DA:228,0
DA:229,0
DA:230,0
DA:235,0
DA:239,0
DA:240,0
DA:241,0
DA:242,0
DA:247,0
DA:251,0
DA:252,0
DA:253,0
DA:254,0
DA:259,0
DA:263,0
DA:264,0
DA:265,0
DA:266,0
DA:267,0
DA:268,0
DA:269,0
DA:275,0
DA:282,0
DA:284,0
DA:286,0
DA:288,0
DA:289,0
DA:290,0
DA:291,0
DA:292,0
DA:293,0
DA:294,0
DA:301,0
DA:308,0
DA:310,0
DA:312,0
DA:314,0
DA:321,0
DA:328,0
DA:332,0
DA:333,0
DA:334,0
DA:335,0
DA:336,0
DA:337,0
DA:338,0
DA:339,0
DA:341,0
DA:394,0
DA:404,0
DA:405,0
DA:407,0
DA:408,0
DA:409,0
DA:410,0
DA:411,0
DA:412,0
DA:413,0
DA:414,0
DA:416,0
DA:421,0
DA:427,0
DA:439,0
DA:445,0
DA:446,0
DA:447,0
DA:448,0
DA:457,0
DA:466,0
DA:478,0
DA:482,0
DA:484,0
DA:485,0
DA:486,0
DA:487,0
DA:499,0
DA:507,0
DA:510,0
DA:514,0
DA:517,0
DA:521,0
DA:524,0
DA:528,0
DA:531,0
DA:535,0
DA:536,0
DA:539,0
DA:543,0
DA:544,0
DA:547,0
DA:551,0
DA:552,0
DA:555,0
DA:562,0
DA:564,0
DA:565,0
DA:569,0
DA:570,0
DA:571,0
DA:575,0
DA:576,0
DA:577,0
DA:581,0
DA:582,0
DA:583,0
DA:587,0
DA:588,0
DA:589,0
DA:593,0
DA:594,0
DA:595,0
DA:600,0
DA:601,0
DA:613,0
DA:614,0
DA:621,0
DA:627,0
DA:633,0
DA:634,0
DA:640,0
DA:644,0
DA:646,0
DA:648,0
DA:650,0
DA:651,0
DA:652,0
DA:655,0
DA:671,0
DA:682,0
DA:685,0
DA:693,0
DA:696,0
DA:704,0
DA:707,0
DA:715,0
DA:718,0
DA:726,0
DA:729,0
DA:737,0
DA:740,0
DA:745,0
DA:748,0
DA:768,0
DA:771,0
DA:809,0
DA:816,0
DA:818,0
DA:820,0
DA:822,0
DA:826,0
DA:838,0
DA:846,0
DA:853,0
DA:866,1
LF:201
LH:1
end_of_record
SF:lib\f_helpers\drafters\tracers.dart
DA:10,0
DA:11,0
DA:12,0
DA:16,0
DA:17,0
DA:18,0
DA:19,0
DA:23,0
DA:24,0
DA:25,0
DA:29,0
DA:30,0
DA:31,0
DA:35,1
DA:37,2
DA:39,2
DA:41,1
DA:45,0
DA:50,0
DA:51,0
DA:53,0
DA:57,0
DA:60,0
DA:62,0
DA:63,0
DA:67,0
DA:68,0
LF:27
LH:4
end_of_record
SF:lib\a_models\bz\author_model.dart
DA:12,0
DA:28,0
DA:29,0
DA:30,0
DA:31,0
DA:32,0
DA:33,0
DA:34,0
DA:35,0
DA:39,0
DA:40,0
DA:42,0
DA:43,0
DA:44,0
DA:46,0
DA:47,0
DA:55,0
DA:56,0
DA:57,0
DA:58,0
DA:59,0
DA:60,0
DA:61,0
DA:62,0
DA:66,0
DA:67,0
DA:69,0
DA:71,0
DA:72,0
DA:73,0
DA:74,0
DA:81,0
DA:86,0
DA:88,0
DA:90,0
DA:91,0
DA:92,0
DA:93,0
DA:98,0
DA:103,0
DA:104,0
DA:105,0
DA:106,0
DA:111,0
DA:112,0
DA:113,0
DA:114,0
DA:115,0
DA:117,0
DA:118,0
DA:119,0
DA:120,0
DA:121,0
DA:126,0
DA:127,0
DA:128,0
DA:129,0
DA:130,0
DA:131,0
DA:132,0
DA:137,0
DA:138,0
DA:139,0
DA:145,0
DA:152,0
DA:153,0
DA:165,0
DA:166,0
DA:167,0
DA:168,0
DA:169,0
DA:170,0
DA:171,0
DA:172,0
DA:173,0
DA:174,0
DA:175,0
DA:176,0
DA:177,0
DA:178,0
DA:180,0
DA:181,0
DA:182,0
DA:183,0
DA:184,0
DA:185,0
DA:186,0
DA:187,0
DA:188,0
DA:189,0
DA:190,0
DA:194,0
DA:203,0
DA:205,0
DA:206,0
DA:207,0
DA:214,0
DA:221,0
DA:223,0
DA:225,0
DA:227,0
DA:228,0
DA:229,0
DA:236,0
DA:237,0
DA:239,0
DA:240,0
DA:246,0
DA:250,0
DA:254,0
DA:257,0
DA:258,0
DA:259,0
DA:260,0
DA:261,0
DA:263,0
DA:268,0
DA:269,0
DA:271,0
DA:272,0
DA:273,0
DA:274,0
DA:275,0
DA:278,0
DA:286,0
DA:287,0
DA:289,0
DA:290,0
DA:291,0
DA:298,0
DA:299,0
DA:304,0
DA:309,0
DA:310,0
DA:311,0
DA:312,0
DA:313,0
DA:314,0
DA:318,0
DA:321,0
DA:323,0
DA:324,0
DA:325,0
DA:326,0
DA:327,0
DA:328,0
DA:330,0
DA:333,0
DA:334,0
DA:335,0
DA:336,0
LF:151
LH:0
end_of_record
SF:lib\a_models\bz\bz_model.dart
DA:32,1
DA:38,1
DA:50,1
DA:55,1
DA:61,1
DA:69,1
DA:80,0
DA:150,0
DA:177,0
DA:178,0
DA:179,0
DA:180,0
DA:181,0
DA:182,0
DA:183,0
DA:184,0
DA:185,0
DA:186,0
DA:187,0
DA:188,0
DA:189,0
DA:190,0
DA:191,0
DA:192,0
DA:193,0
DA:194,0
DA:195,0
DA:196,0
DA:197,0
DA:198,0
DA:199,0
DA:200,0
DA:201,0
DA:202,0
DA:209,0
DA:212,0
DA:213,0
DA:215,0
DA:216,0
DA:217,0
DA:218,0
DA:220,0
DA:221,0
DA:222,0
DA:223,0
DA:224,0
DA:225,0
DA:226,0
DA:227,0
DA:228,0
DA:229,0
DA:231,0
DA:232,0
DA:234,0
DA:235,0
DA:236,0
DA:237,0
DA:238,0
DA:239,0
DA:240,0
DA:242,0
DA:246,0
DA:253,0
DA:254,0
DA:256,0
DA:257,0
DA:259,0
DA:260,0
DA:262,0
DA:263,0
DA:264,0
DA:265,0
DA:266,0
DA:267,0
DA:269,0
DA:270,0
DA:271,0
DA:272,0
DA:274,0
DA:275,0
DA:277,0
DA:278,0
DA:279,0
DA:280,0
DA:281,0
DA:282,0
DA:284,0
DA:285,0
DA:292,0
DA:296,0
DA:298,0
DA:299,0
DA:312,0
DA:313,0
DA:315,0
DA:316,0
DA:317,0
DA:318,0
DA:319,0
DA:320,0
DA:321,0
DA:325,0
DA:326,0
DA:327,0
DA:333,0
DA:334,0
DA:348,0
DA:350,0
DA:354,0
DA:361,0
DA:363,0
DA:364,0
DA:366,0
DA:371,0
DA:380,0
DA:382,0
DA:383,0
DA:384,0
DA:385,0
DA:386,0
DA:387,0
DA:388,0
DA:393,0
DA:394,0
DA:396,0
DA:398,0
DA:399,0
DA:400,0
DA:408,0
DA:410,0
DA:411,0
DA:412,0
DA:413,0
DA:414,0
DA:415,0
DA:416,0
DA:421,0
DA:422,0
DA:424,0
DA:426,0
DA:428,0
DA:429,0
DA:430,0
DA:438,0
DA:440,0
DA:442,0
DA:443,0
DA:444,0
DA:451,0
DA:457,0
DA:459,0
DA:468,0
DA:475,0
DA:477,0
DA:478,0
DA:479,0
DA:480,0
DA:481,0
DA:482,0
DA:483,0
DA:490,0
DA:491,0
DA:492,0
DA:493,0
DA:494,0
DA:495,0
DA:496,0
DA:502,0
DA:507,0
DA:509,0
DA:511,0
DA:513,0
DA:519,0
DA:528,0
DA:533,0
DA:540,0
DA:545,0
DA:547,0
DA:550,0
DA:551,0
DA:555,0
DA:556,0
DA:561,0
DA:567,0
DA:573,0
DA:576,0
DA:579,0
DA:580,0
DA:584,0
DA:585,0
DA:587,0
DA:589,0
DA:591,0
DA:599,0
DA:606,0
DA:607,0
DA:613,0
DA:614,0
DA:620,0
DA:621,0
DA:627,0
DA:628,0
DA:634,0
DA:635,0
DA:639,0
DA:640,0
DA:646,0
DA:647,0
DA:655,0
DA:659,0
DA:663,0
DA:664,0
DA:667,0
DA:668,0
DA:674,0
DA:683,0
DA:684,0
DA:692,0
DA:700,0
DA:705,0
DA:707,0
DA:712,0
DA:713,0
DA:717,0
DA:737,0
DA:739,0
DA:740,0
DA:741,0
DA:746,0
DA:748,0
DA:749,0
DA:750,0
DA:765,0
DA:767,0
DA:768,0
DA:773,0
DA:775,0
DA:776,0
DA:781,0
DA:786,0
DA:787,0
DA:790,0
DA:791,0
DA:800,0
DA:804,0
DA:806,0
DA:808,0
DA:809,0
DA:813,0
DA:821,0
DA:827,0
DA:829,0
DA:838,0
DA:841,0
DA:843,0
DA:846,0
DA:847,0
DA:854,0
DA:857,0
DA:858,0
DA:873,0
DA:875,0
DA:878,0
DA:879,0
DA:883,0
DA:884,0
DA:888,0
DA:889,0
DA:893,0
DA:894,0
DA:898,0
DA:899,0
DA:903,0
DA:904,0
DA:908,0
DA:909,0
DA:913,0
DA:928,0
DA:930,0
DA:931,0
DA:932,0
DA:933,0
DA:934,0
DA:939,0
DA:941,0
DA:942,0
DA:943,0
DA:944,0
DA:945,0
DA:962,0
DA:967,0
DA:969,0
DA:971,0
DA:978,0
DA:982,0
DA:984,0
DA:986,0
DA:987,0
DA:991,0
DA:999,0
DA:1002,0
DA:1003,0
DA:1008,0
DA:1009,0
DA:1011,0
DA:1012,0
DA:1013,0
DA:1015,0
DA:1016,0
DA:1033,0
DA:1036,0
DA:1040,0
DA:1041,0
DA:1042,0
DA:1046,0
DA:1047,0
DA:1048,0
DA:1049,0
DA:1052,0
DA:1065,0
DA:1067,0
DA:1069,0
DA:1070,0
DA:1080,0
DA:1083,0
DA:1085,0
DA:1086,0
DA:1087,0
DA:1088,0
DA:1089,0
DA:1090,0
DA:1091,0
DA:1092,0
DA:1093,0
DA:1094,0
DA:1095,0
DA:1096,0
DA:1097,0
DA:1098,0
DA:1099,0
DA:1100,0
DA:1101,0
DA:1102,0
DA:1103,0
DA:1104,0
DA:1105,0
DA:1106,0
DA:1107,0
DA:1108,0
DA:1110,0
DA:1113,0
DA:1118,0
DA:1120,0
DA:1121,0
DA:1132,0
DA:1134,0
DA:1138,0
DA:1139,0
DA:1141,0
DA:1142,0
DA:1143,0
DA:1150,0
DA:1155,0
DA:1157,0
DA:1158,0
DA:1160,0
DA:1161,0
DA:1166,0
DA:1167,0
DA:1176,0
DA:1182,0
DA:1183,0
DA:1184,0
DA:1194,0
DA:1195,0
DA:1196,0
DA:1199,0
DA:1200,0
DA:1211,0
DA:1212,0
DA:1216,0
DA:1239,0
DA:1240,0
DA:1248,0
DA:1249,0
DA:1258,0
DA:1259,0
DA:1268,0
DA:1269,0
DA:1278,0
DA:1279,0
DA:1288,0
DA:1289,0
DA:1298,0
DA:1299,0
DA:1308,0
DA:1309,0
DA:1318,0
DA:1319,0
LF:399
LH:6
end_of_record
SF:lib\a_models\secondary_models\contact_model.dart
DA:11,1
DA:19,0
DA:20,0
DA:21,0
DA:22,0
DA:26,0
DA:27,0
DA:29,0
DA:30,0
DA:31,0
DA:32,0
DA:34,0
DA:35,0
DA:44,0
DA:45,0
DA:48,0
DA:50,0
DA:51,0
DA:52,0
DA:53,0
DA:54,0
DA:62,0
DA:64,0
DA:65,0
DA:66,0
DA:67,0
DA:68,0
DA:69,0
DA:70,0
DA:71,0
DA:72,0
DA:73,0
DA:78,0
DA:80,0
DA:81,0
DA:82,0
DA:83,0
DA:84,0
DA:85,0
DA:86,0
DA:87,0
DA:88,0
DA:89,0
DA:94,0
DA:95,0
DA:96,0
DA:97,0
DA:101,0
DA:102,0
DA:109,0
DA:111,0
DA:113,0
DA:114,0
DA:115,0
DA:117,0
DA:118,0
DA:121,0
DA:122,0
DA:125,0
DA:126,0
DA:134,0
DA:135,0
DA:137,0
DA:138,0
DA:139,0
DA:140,0
DA:141,0
DA:142,0
DA:143,0
DA:145,0
DA:146,0
DA:149,0
DA:150,0
DA:153,0
DA:154,0
DA:157,0
DA:158,0
DA:161,0
DA:162,0
DA:165,0
DA:166,0
DA:169,0
DA:170,0
DA:177,0
DA:179,0
DA:181,0
DA:182,0
DA:183,0
DA:187,0
DA:190,0
DA:197,0
DA:200,0
DA:214,0
DA:216,0
DA:217,0
DA:219,0
DA:220,0
DA:227,0
DA:228,0
DA:233,0
DA:234,0
DA:236,0
DA:237,0
DA:238,0
DA:245,0
DA:246,0
DA:248,0
DA:249,0
DA:250,0
DA:270,0
DA:283,0
DA:285,0
DA:286,0
DA:287,0
DA:288,0
DA:289,0
DA:290,0
DA:291,0
DA:292,0
DA:293,0
DA:294,0
DA:299,0
DA:300,0
DA:301,0
DA:302,0
DA:305,0
DA:306,0
DA:310,0
DA:311,0
DA:317,0
DA:335,0
DA:336,0
DA:339,0
DA:341,0
DA:342,0
DA:343,0
DA:344,0
DA:352,1
LF:138
LH:2
end_of_record
SF:lib\a_models\user\user_model.dart
DA:24,0
DA:79,0
DA:80,0
DA:83,0
DA:84,0
DA:86,0
DA:89,0
DA:90,0
DA:91,0
DA:97,0
DA:99,0
DA:100,0
DA:104,0
DA:105,0
DA:106,0
DA:110,0
DA:117,0
DA:118,0
DA:120,0
DA:121,0
DA:123,0
DA:124,0
DA:126,0
DA:129,0
DA:130,0
DA:131,0
DA:137,0
DA:139,0
DA:140,0
DA:144,0
DA:145,0
DA:146,0
DA:149,0
DA:159,0
DA:182,0
DA:183,0
DA:184,0
DA:185,0
DA:186,0
DA:187,0
DA:188,0
DA:189,0
DA:190,0
DA:191,0
DA:192,0
DA:193,0
DA:194,0
DA:195,0
DA:196,0
DA:197,0
DA:198,0
DA:199,0
DA:200,0
DA:201,0
DA:202,0
DA:203,0
DA:212,0
DA:215,0
DA:216,0
DA:217,0
DA:218,0
DA:219,0
DA:221,0
DA:222,0
DA:223,0
DA:224,0
DA:225,0
DA:226,0
DA:227,0
DA:228,0
DA:229,0
DA:231,0
DA:232,0
DA:233,0
DA:234,0
DA:235,0
DA:236,0
DA:237,0
DA:242,0
DA:247,0
DA:248,0
DA:249,0
DA:251,0
DA:252,0
DA:255,0
DA:257,0
DA:258,0
DA:259,0
DA:261,0
DA:262,0
DA:263,0
DA:264,0
DA:265,0
DA:266,0
DA:267,0
DA:268,0
DA:271,0
DA:273,0
DA:274,0
DA:276,0
DA:277,0
DA:278,0
DA:279,0
DA:282,0
DA:283,0
DA:285,0
DA:286,0
DA:288,0
DA:294,0
DA:298,0
DA:300,0
DA:301,0
DA:302,0
DA:318,0
DA:320,0
DA:321,0
DA:322,0
DA:323,0
DA:324,0
DA:325,0
DA:326,0
DA:327,0
DA:333,0
DA:335,0
DA:336,0
DA:337,0
DA:338,0
DA:339,0
DA:340,0
DA:341,0
DA:342,0
DA:352,0
DA:354,0
DA:355,0
DA:356,0
DA:361,0
DA:363,0
DA:364,0
DA:365,0
DA:370,0
DA:372,0
DA:373,0
DA:374,0
DA:389,0
DA:390,0
DA:397,0
DA:400,0
DA:407,0
DA:410,0
DA:412,0
DA:423,0
DA:424,0
DA:452,0
DA:453,0
DA:456,0
DA:457,0
DA:460,0
DA:461,0
DA:464,0
DA:465,0
DA:468,0
DA:469,0
DA:472,0
DA:473,0
DA:476,0
DA:477,0
DA:487,0
DA:488,0
DA:491,0
DA:505,0
DA:508,0
DA:510,0
DA:511,0
DA:512,0
DA:513,0
DA:514,0
DA:515,0
DA:516,0
DA:517,0
DA:518,0
DA:519,0
DA:520,0
DA:521,0
DA:522,0
DA:523,0
DA:524,0
DA:525,0
DA:526,0
DA:528,0
DA:531,0
DA:536,0
DA:538,0
DA:539,0
DA:544,0
DA:553,0
DA:555,0
DA:558,0
DA:561,0
DA:566,0
DA:568,0
DA:569,0
DA:570,0
DA:574,0
DA:575,0
DA:576,0
DA:582,0
DA:586,0
DA:624,0
DA:626,0
DA:629,0
DA:631,0
DA:632,0
DA:641,0
DA:643,0
DA:668,1
DA:679,1
DA:685,1
DA:692,0
DA:700,0
DA:703,0
DA:704,0
DA:705,0
DA:706,0
DA:711,0
DA:713,0
DA:714,0
DA:715,0
DA:716,0
DA:721,0
DA:725,0
DA:726,0
DA:729,0
DA:730,0
LF:233
LH:3
end_of_record
SF:lib\f_helpers\theme\iconz.dart
DA:184,0
DA:186,0
LF:2
LH:0
end_of_record
SF:lib\a_models\secondary_models\alert_model.dart
DA:6,1
DA:20,0
DA:21,0
DA:22,0
DA:23,0
DA:24,0
DA:28,0
DA:30,0
DA:32,0
DA:34,0
DA:36,0
DA:37,0
DA:46,0
DA:47,0
DA:48,0
DA:49,0
DA:50,0
DA:54,0
DA:56,0
DA:58,0
DA:60,0
DA:62,0
DA:63,0
DA:76,0
DA:77,0
DA:79,0
DA:81,0
DA:82,0
LF:28
LH:1
end_of_record
SF:lib\a_models\zone\zone_model.dart
DA:7,0
DA:29,0
DA:30,0
DA:31,0
DA:32,0
DA:33,0
DA:37,0
DA:39,0
DA:40,0
DA:41,0
DA:42,0
DA:48,0
DA:49,0
DA:52,0
DA:53,0
DA:54,0
DA:55,0
DA:57,0
DA:64,0
DA:65,0
DA:69,0
DA:70,0
DA:71,0
DA:75,0
DA:77,0
DA:85,0
DA:86,0
DA:87,0
DA:88,0
DA:89,0
DA:97,0
DA:100,0
DA:104,0
DA:108,0
DA:119,0
DA:120,0
DA:125,0
DA:127,0
DA:128,0
DA:129,0
DA:137,0
DA:138,0
DA:140,0
DA:141,0
DA:142,0
DA:144,0
DA:151,0
DA:152,0
LF:48
LH:0
end_of_record
SF:lib\d_providers\phrase_provider.dart
DA:29,0
DA:34,0
DA:40,0
DA:42,0
DA:43,0
DA:45,0
DA:51,0
DA:56,0
DA:58,0
DA:64,0
DA:66,0
DA:69,0
DA:74,0
DA:80,0
DA:82,0
DA:87,0
DA:99,0
DA:106,0
DA:110,0
DA:111,0
DA:112,0
DA:118,0
DA:119,0
DA:122,0
DA:126,0
DA:130,0
DA:133,0
DA:134,0
DA:136,0
DA:141,0
DA:156,0
DA:160,0
DA:163,0
DA:167,0
DA:168,0
DA:170,0
DA:180,0
DA:181,0
DA:182,0
DA:186,0
DA:188,0
DA:201,0
DA:204,0
DA:207,0
DA:209,0
DA:220,0
DA:222,0
DA:229,0
DA:232,0
DA:239,0
DA:244,0
DA:246,0
DA:247,0
DA:259,0
DA:261,0
DA:266,0
DA:270,0
DA:272,0
DA:276,0
DA:278,0
DA:280,0
DA:281,0
DA:286,0
DA:291,0
DA:293,0
DA:296,0
DA:297,0
DA:298,0
DA:302,0
DA:309,0
DA:314,0
DA:316,0
DA:318,0
DA:320,0
DA:331,0
DA:335,0
DA:351,0
DA:352,0
DA:355,0
DA:357,0
DA:359,0
LF:81
LH:0
end_of_record
SF:lib\f_helpers\drafters\text_generators.dart
DA:15,0
DA:17,0
DA:18,0
DA:19,0
DA:20,0
DA:21,0
DA:22,0
DA:24,0
DA:29,0
DA:37,0
DA:39,0
DA:41,0
DA:44,0
DA:49,0
DA:52,0
DA:56,0
DA:57,0
DA:65,0
DA:71,0
DA:73,0
DA:75,0
DA:77,0
DA:80,0
DA:81,0
DA:89,0
DA:98,0
DA:100,0
DA:102,0
DA:105,0
DA:106,0
DA:114,0
DA:115,0
DA:116,0
DA:117,0
DA:119,0
DA:122,0
DA:124,0
DA:125,0
DA:126,0
DA:127,0
DA:128,0
DA:129,0
DA:130,0
DA:131,0
DA:136,0
DA:137,0
DA:144,0
DA:147,0
DA:148,0
DA:151,0
DA:154,0
DA:155,0
DA:159,0
DA:161,0
DA:164,0
DA:169,0
DA:170,0
DA:171,0
DA:175,0
DA:231,0
DA:235,0
DA:237,0
DA:240,0
DA:245,0
DA:252,0
LF:65
LH:0
end_of_record
SF:lib\a_models\bz\target\target_model.dart
DA:7,1
LF:1
LH:1
end_of_record
SF:lib\a_models\bz\target\target_progress.dart
DA:5,1
LF:1
LH:1
end_of_record
SF:lib\a_models\bz\target\target_reward.dart
DA:5,1
LF:1
LH:1
end_of_record
SF:lib\a_models\chain\data_creator.dart
DA:3,1
DA:19,0
DA:22,0
DA:23,0
DA:24,0
DA:30,0
DA:33,0
DA:34,0
DA:35,0
DA:41,0
DA:44,0
DA:50,0
DA:52,0
LF:13
LH:1
end_of_record
SF:lib\a_models\chain\spec_models\spec_picker_model.dart
DA:12,0
DA:49,0
DA:53,0
DA:55,0
DA:56,0
DA:59,0
DA:60,0
DA:62,0
DA:63,0
DA:64,0
DA:66,0
DA:69,0
DA:70,0
DA:77,0
DA:78,0
DA:80,0
DA:83,0
DA:84,0
DA:96,0
DA:105,0
DA:106,0
DA:107,0
DA:108,0
DA:110,0
DA:111,0
DA:118,0
DA:122,0
DA:126,0
DA:130,0
DA:132,0
DA:133,0
DA:134,0
DA:135,0
DA:143,0
DA:146,0
DA:148,0
DA:149,0
DA:151,0
DA:158,0
DA:160,0
DA:162,0
DA:164,0
DA:166,0
DA:168,0
DA:170,0
DA:172,0
DA:181,0
DA:187,0
DA:188,0
DA:190,0
DA:195,0
DA:209,0
DA:210,0
DA:212,0
DA:213,0
DA:214,0
DA:215,0
DA:216,0
DA:217,0
DA:218,0
DA:220,0
DA:223,0
DA:224,0
DA:225,0
DA:226,0
LF:65
LH:0
end_of_record
SF:lib\b_views\z_components\sizing\expander.dart
DA:8,22
DA:10,0
DA:12,0
DA:13,0
LF:4
LH:1
end_of_record
SF:lib\d_providers\chains_provider.dart
DA:24,0
DA:26,0
DA:27,0
DA:31,0
DA:34,0
DA:35,0
DA:38,0
DA:45,0
DA:47,0
DA:49,0
DA:62,0
DA:67,0
DA:72,0
DA:74,0
DA:80,0
DA:85,0
DA:87,0
DA:99,0
DA:104,0
DA:109,0
DA:110,0
DA:115,0
DA:120,0
DA:122,0
DA:141,0
DA:142,0
DA:145,0
DA:150,0
DA:152,0
DA:157,0
DA:166,0
DA:171,0
DA:172,0
DA:173,0
DA:174,0
DA:179,0
DA:184,0
DA:188,0
DA:192,0
DA:193,0
DA:203,0
DA:208,0
DA:209,0
DA:210,0
DA:211,0
DA:212,0
DA:213,0
DA:214,0
DA:215,0
DA:218,0
DA:220,0
DA:232,0
DA:234,0
DA:238,0
DA:239,0
DA:245,0
DA:249,0
DA:250,0
DA:251,0
DA:259,0
DA:267,0
DA:271,0
DA:273,0
DA:276,0
DA:289,0
DA:290,0
DA:293,0
DA:298,0
DA:300,0
DA:302,0
DA:309,0
DA:310,0
DA:313,0
DA:316,0
DA:317,0
DA:318,0
DA:321,0
DA:322,0
DA:331,0
DA:332,0
DA:335,0
DA:336,0
DA:337,0
DA:340,0
DA:341,0
DA:346,0
DA:347,0
DA:348,0
DA:350,0
DA:351,0
DA:356,0
DA:357,0
DA:358,0
DA:359,0
DA:360,0
DA:363,0
DA:364,0
DA:366,0
LF:98
LH:0
end_of_record
SF:lib\a_models\chain\raw_data\specs\specs_pickers.dart
DA:4,0
DA:368,0
DA:524,0
DA:557,0
DA:559,0
LF:5
LH:0
end_of_record
SF:lib\a_models\chain\spec_models\spec_deactivator.dart
DA:5,0
LF:1
LH:0
end_of_record
SF:lib\a_models\flyer\sub\flyer_type_class.dart
DA:7,1
DA:41,0
DA:43,0
DA:44,0
DA:45,0
DA:46,0
DA:47,0
DA:48,0
DA:49,0
DA:54,0
DA:56,0
DA:57,0
DA:58,0
DA:59,0
DA:60,0
DA:61,0
DA:62,0
DA:67,0
DA:69,0
DA:71,0
DA:73,0
DA:74,0
DA:81,0
DA:83,0
DA:85,0
DA:86,0
DA:87,0
DA:98,0
DA:99,0
DA:107,0
DA:109,0
DA:110,0
DA:111,0
DA:112,0
DA:113,0
DA:114,0
DA:115,0
DA:116,0
DA:126,0
DA:128,0
DA:129,0
DA:130,0
DA:131,0
DA:132,0
DA:133,0
DA:134,0
DA:139,0
DA:143,0
DA:144,0
DA:145,0
DA:146,0
DA:147,0
DA:148,0
DA:149,0
DA:154,0
DA:157,0
DA:159,0
DA:161,0
DA:163,0
DA:167,0
DA:168,0
DA:169,0
DA:180,0
DA:184,0
DA:185,0
DA:188,0
DA:190,0
DA:191,0
DA:192,0
DA:203,0
DA:209,0
DA:210,0
DA:222,0
DA:229,0
DA:231,0
DA:232,0
DA:233,0
DA:234,0
DA:235,0
DA:236,0
DA:237,0
DA:238,0
DA:244,0
DA:245,0
DA:246,0
DA:247,0
DA:248,0
DA:249,0
DA:250,0
DA:251,0
DA:256,0
DA:261,0
DA:263,0
DA:265,0
DA:267,0
DA:273,0
DA:282,0
DA:288,0
DA:290,0
LF:99
LH:1
end_of_record
SF:lib\a_models\flyer\sub\slide_model.dart
DA:19,0
DA:50,0
DA:51,0
DA:52,0
DA:53,0
DA:54,0
DA:55,0
DA:56,0
DA:57,0
DA:58,0
DA:59,0
DA:60,0
DA:61,0
DA:65,0
DA:66,0
DA:67,0
DA:68,0
DA:69,0
DA:70,0
DA:72,0
DA:73,0
DA:74,0
DA:75,0
DA:76,0
DA:77,0
DA:80,0
DA:81,0
DA:83,0
DA:84,0
DA:85,0
DA:87,0
DA:88,0
DA:96,0
DA:97,0
DA:98,0
DA:100,0
DA:101,0
DA:102,0
DA:103,0
DA:104,0
DA:111,0
DA:112,0
DA:114,0
DA:115,0
DA:116,0
DA:117,0
DA:118,0
DA:129,0
DA:130,0
DA:131,0
DA:132,0
DA:133,0
DA:134,0
DA:136,0
DA:137,0
DA:138,0
DA:139,0
DA:140,0
DA:141,0
DA:145,0
DA:146,0
DA:148,0
DA:149,0
DA:158,0
DA:159,0
DA:162,0
DA:163,0
DA:164,0
DA:165,0
DA:166,0
DA:167,0
DA:168,0
DA:169,0
DA:170,0
DA:171,0
DA:173,0
DA:176,0
DA:177,0
DA:178,0
DA:180,0
DA:182,0
DA:183,0
DA:186,0
DA:194,0
DA:197,0
DA:206,0
DA:215,0
DA:216,0
DA:218,0
DA:220,0
DA:227,0
DA:238,0
DA:242,0
DA:243,0
DA:247,0
DA:251,0
DA:253,0
DA:254,0
DA:255,0
DA:261,0
DA:263,0
DA:267,0
DA:269,0
DA:277,0
DA:281,0
DA:283,0
DA:284,0
DA:286,0
DA:287,0
DA:288,0
DA:289,0
DA:290,0
DA:291,0
DA:292,0
DA:293,0
DA:294,0
DA:295,0
DA:296,0
DA:299,0
DA:302,0
DA:311,0
DA:312,0
DA:314,0
DA:315,0
DA:316,0
DA:318,0
DA:325,0
DA:326,0
DA:328,0
DA:329,0
DA:330,0
DA:331,0
DA:333,0
DA:335,0
DA:337,0
DA:339,0
DA:341,0
DA:344,0
DA:351,0
DA:352,0
DA:354,0
DA:355,0
DA:356,0
DA:359,0
DA:361,0
DA:369,0
DA:370,0
DA:372,0
DA:373,0
DA:374,0
DA:375,0
DA:380,0
DA:381,0
DA:386,0
DA:390,0
DA:391,0
DA:392,0
DA:393,0
DA:394,0
DA:395,0
DA:396,0
DA:397,0
DA:398,0
DA:399,0
DA:400,0
DA:406,0
DA:407,0
DA:409,0
DA:410,0
DA:411,0
DA:422,0
DA:423,0
DA:425,0
DA:426,0
DA:427,0
DA:438,0
DA:439,0
DA:448,0
LF:178
LH:0
end_of_record
SF:lib\e_db\fire\ops\auth_ops.dart
DA:20,0
DA:21,0
DA:25,0
DA:26,0
DA:36,0
DA:41,0
DA:44,0
DA:47,0
DA:49,0
DA:50,0
DA:53,0
DA:104,0
DA:110,0
DA:113,0
DA:116,0
DA:118,0
DA:120,0
DA:121,0
DA:122,0
DA:123,0
DA:129,0
DA:130,0
DA:136,0
DA:139,0
DA:141,0
DA:146,0
DA:152,0
DA:159,0
DA:162,0
DA:165,0
DA:167,0
DA:169,0
DA:170,0
DA:171,0
DA:172,0
DA:177,0
DA:178,0
DA:183,0
DA:186,0
DA:188,0
DA:190,0
DA:196,0
DA:207,0
DA:228,0
DA:233,0
DA:236,0
DA:238,0
DA:241,0
DA:242,0
DA:248,0
DA:249,0
DA:253,0
DA:254,0
DA:255,0
DA:261,0
DA:266,0
DA:267,0
DA:273,0
DA:276,0
DA:279,0
DA:289,0
DA:294,0
DA:299,0
DA:302,0
DA:304,0
DA:310,0
DA:313,0
DA:314,0
DA:315,0
DA:323,0
DA:326,0
DA:327,0
DA:328,0
DA:330,0
DA:333,0
DA:334,0
DA:335,0
DA:338,0
DA:339,0
DA:340,0
DA:344,0
DA:345,0
DA:346,0
DA:353,0
DA:354,0
DA:359,0
DA:362,0
DA:365,0
DA:371,0
DA:376,0
DA:381,0
DA:383,0
DA:393,0
DA:396,0
DA:397,0
DA:400,0
DA:401,0
DA:411,0
DA:415,0
DA:416,0
DA:418,0
DA:421,0
DA:423,0
DA:426,0
DA:430,0
DA:431,0
DA:436,0
DA:441,0
DA:446,0
DA:447,0
DA:448,0
DA:451,0
DA:452,0
LF:113
LH:0
end_of_record
SF:lib\a_models\flyer\flyer_promotion.dart
DA:7,0
DA:21,0
DA:23,0
DA:24,0
DA:25,0
DA:26,0
DA:27,0
DA:28,0
DA:32,0
DA:39,0
DA:40,0
DA:41,0
DA:42,0
DA:43,0
DA:44,0
DA:52,0
DA:53,0
DA:55,0
DA:57,0
DA:59,0
DA:60,0
DA:68,0
DA:69,0
DA:71,0
DA:73,0
DA:75,0
DA:76,0
DA:84,0
DA:86,0
DA:88,0
DA:90,0
DA:92,0
LF:32
LH:0
end_of_record
SF:lib\a_models\flyer\mutables\draft_flyer_model.dart
DA:21,0
DA:66,0
DA:83,0
DA:84,0
DA:85,0
DA:86,0
DA:87,0
DA:88,0
DA:89,0
DA:90,0
DA:91,0
DA:92,0
DA:93,0
DA:94,0
DA:95,0
DA:96,0
DA:97,0
DA:98,0
DA:99,0
DA:102,0
DA:103,0
DA:104,0
DA:105,0
DA:106,0
DA:107,0
DA:108,0
DA:109,0
DA:110,0
DA:111,0
DA:112,0
DA:113,0
DA:114,0
DA:115,0
DA:116,0
DA:117,0
DA:118,0
DA:119,0
DA:120,0
DA:124,0
DA:129,0
DA:130,0
DA:134,0
DA:135,0
DA:139,0
DA:140,0
DA:141,0
DA:144,0
DA:145,0
DA:149,0
DA:151,0
DA:153,0
DA:155,0
DA:156,0
DA:157,0
DA:164,0
DA:170,0
DA:171,0
DA:172,0
DA:173,0
DA:174,0
DA:175,0
DA:176,0
DA:177,0
DA:178,0
DA:179,0
DA:180,0
DA:181,0
DA:182,0
DA:184,0
DA:185,0
DA:186,0
DA:187,0
DA:188,0
DA:200,0
DA:204,0
DA:205,0
DA:206,0
DA:207,0
DA:216,0
DA:221,0
DA:223,0
DA:225,0
DA:227,0
DA:230,0
DA:233,0
DA:240,0
DA:246,0
DA:251,0
DA:260,0
DA:262,0
DA:263,0
DA:264,0
DA:265,0
DA:266,0
DA:267,0
DA:268,0
DA:269,0
DA:270,0
DA:271,0
DA:272,0
DA:274,0
DA:275,0
DA:276,0
DA:277,0
DA:278,0
DA:282,0
DA:291,0
DA:293,0
DA:297,0
DA:298,0
DA:302,0
DA:317,0
DA:318,0
DA:319,0
DA:328,0
DA:330,0
DA:332,0
DA:333,0
DA:334,0
DA:335,0
DA:336,0
DA:337,0
DA:338,0
DA:339,0
DA:340,0
DA:341,0
DA:342,0
DA:343,0
DA:344,0
DA:345,0
DA:346,0
DA:347,0
DA:349,0
DA:351,0
LF:134
LH:0
end_of_record
SF:lib\a_models\flyer\mutables\mutable_slide.dart
DA:18,0
DA:53,0
DA:71,0
DA:72,0
DA:73,0
DA:74,0
DA:75,0
DA:76,0
DA:77,0
DA:78,0
DA:79,0
DA:80,0
DA:81,0
DA:82,0
DA:83,0
DA:84,0
DA:85,0
DA:86,0
DA:94,0
DA:95,0
DA:96,0
DA:97,0
DA:100,0
DA:101,0
DA:102,0
DA:103,0
DA:104,0
DA:105,0
DA:106,0
DA:107,0
DA:109,0
DA:110,0
DA:114,0
DA:118,0
DA:121,0
DA:123,0
DA:125,0
DA:136,0
DA:140,0
DA:142,0
DA:143,0
DA:144,0
DA:147,0
DA:148,0
DA:150,0
DA:151,0
DA:152,0
DA:153,0
DA:154,0
DA:155,0
DA:157,0
DA:158,0
DA:163,0
DA:167,0
DA:170,0
DA:172,0
DA:176,0
DA:184,0
DA:190,0
DA:192,0
DA:194,0
DA:196,0
DA:198,0
DA:204,0
DA:207,0
DA:209,0
DA:213,0
DA:220,0
DA:223,0
DA:227,0
DA:237,0
DA:246,0
DA:247,0
DA:251,0
DA:252,0
DA:254,0
DA:257,0
DA:263,0
DA:268,0
DA:269,0
DA:282,0
DA:286,0
DA:288,0
DA:289,0
DA:290,0
DA:301,0
DA:320,0
DA:321,0
DA:322,0
DA:323,0
DA:328,0
DA:332,0
DA:339,0
DA:344,0
DA:346,0
DA:347,0
DA:348,0
DA:349,0
DA:360,0
DA:364,0
DA:365,0
DA:366,0
DA:367,0
DA:377,0
DA:379,0
DA:380,0
DA:381,0
DA:382,0
DA:383,0
DA:384,0
DA:385,0
DA:386,0
DA:387,0
DA:388,0
DA:389,0
DA:390,0
DA:391,0
DA:392,0
DA:393,0
DA:394,0
DA:395,0
DA:399,0
DA:401,0
DA:403,0
DA:404,0
DA:407,0
DA:414,0
DA:415,0
DA:416,0
DA:417,0
DA:418,0
DA:419,0
DA:420,0
DA:421,0
DA:422,0
DA:423,0
DA:424,0
DA:425,0
DA:426,0
DA:427,0
DA:429,0
DA:430,0
DA:434,0
DA:439,0
DA:440,0
LF:145
LH:0
end_of_record
SF:lib\a_models\secondary_models\image_size.dart
DA:16,0
DA:26,0
DA:27,0
DA:28,0
DA:29,0
DA:33,0
DA:34,0
DA:47,0
DA:51,0
DA:52,0
DA:54,0
DA:55,0
DA:56,0
DA:63,0
DA:67,0
DA:68,0
DA:69,0
DA:76,0
DA:81,0
DA:83,0
DA:85,0
DA:87,0
DA:93,0
DA:94,0
DA:95,0
DA:97,0
DA:100,0
DA:102,0
DA:103,0
DA:105,0
DA:110,0
DA:112,0
DA:116,0
DA:117,0
DA:121,0
DA:122,0
DA:123,0
DA:124,0
DA:134,0
DA:135,0
DA:137,0
DA:139,0
DA:143,0
DA:145,0
DA:148,0
DA:151,0
DA:154,0
DA:157,0
DA:160,0
DA:163,0
DA:172,0
DA:174,0
DA:176,0
DA:178,0
DA:180,0
DA:182,0
DA:184,0
DA:186,0
DA:194,0
DA:197,0
DA:198,0
DA:205,0
DA:210,0
DA:211,0
DA:214,0
DA:215,0
DA:217,0
DA:227,0
DA:232,0
LF:69
LH:0
end_of_record
SF:lib\b_views\z_components\images\super_filter\color_filter_generator.dart
DA:10,1
DA:25,0
DA:31,0
DA:33,0
DA:37,0
DA:40,0
DA:42,0
DA:43,0
DA:44,0
DA:46,0
DA:48,0
DA:49,0
DA:50,0
DA:51,0
DA:52,0
DA:55,0
DA:57,0
DA:61,0
DA:63,0
DA:74,0
DA:75,0
DA:84,0
DA:85,0
DA:86,0
DA:87,0
DA:88,0
DA:89,0
DA:103,0
DA:104,0
DA:107,0
LF:30
LH:1
end_of_record
SF:lib\f_helpers\drafters\colorizers.dart
DA:13,0
DA:22,0
DA:23,0
DA:26,0
DA:31,0
DA:40,0
DA:41,0
DA:43,0
DA:51,0
DA:53,0
DA:54,0
DA:57,0
DA:58,0
DA:60,0
DA:67,0
DA:68,0
DA:69,0
DA:71,0
DA:72,0
DA:73,0
DA:74,0
DA:78,0
DA:79,0
DA:84,0
DA:94,0
DA:95,0
DA:98,0
DA:99,0
DA:100,0
DA:103,0
DA:104,0
DA:105,0
DA:108,0
DA:109,0
DA:111,0
DA:117,0
DA:120,0
DA:121,0
DA:122,0
DA:123,0
DA:125,0
DA:129,0
DA:132,0
DA:133,0
DA:134,0
DA:135,0
DA:142,0
DA:145,0
DA:146,0
DA:149,0
DA:155,0
DA:156,0
DA:157,0
LF:53
LH:0
end_of_record
SF:lib\a_models\flyer\records\record_model.dart
DA:7,1
DA:27,1
DA:35,1
DA:44,0
DA:73,0
DA:74,0
DA:75,0
DA:76,0
DA:78,0
DA:79,0
DA:80,0
DA:81,0
DA:82,0
DA:86,0
DA:94,0
DA:95,0
DA:96,0
DA:97,0
DA:98,0
DA:100,0
DA:101,0
DA:103,0
DA:104,0
DA:105,0
DA:113,0
DA:115,0
DA:117,0
DA:119,0
DA:121,0
DA:122,0
DA:131,0
DA:132,0
DA:134,0
DA:136,0
DA:138,0
DA:142,0
DA:151,0
DA:153,0
DA:154,0
DA:155,0
DA:156,0
DA:157,0
DA:158,0
DA:159,0
DA:160,0
DA:161,0
DA:162,0
DA:163,0
DA:164,0
DA:165,0
DA:166,0
DA:167,0
DA:168,0
DA:169,0
DA:174,0
DA:176,0
DA:177,0
DA:178,0
DA:179,0
DA:180,0
DA:181,0
DA:182,0
DA:183,0
DA:184,0
DA:185,0
DA:186,0
DA:187,0
DA:188,0
DA:189,0
DA:190,0
DA:191,0
DA:192,0
DA:197,0
DA:199,0
DA:200,0
DA:201,0
DA:202,0
DA:203,0
DA:208,0
DA:210,0
DA:211,0
DA:212,0
DA:213,0
DA:214,0
DA:219,0
DA:221,0
DA:222,0
DA:227,0
DA:229,0
DA:230,0
DA:235,0
DA:237,0
DA:242,0
DA:243,0
DA:249,0
DA:254,0
DA:256,0
DA:258,0
DA:259,0
DA:267,0
DA:271,0
DA:273,0
DA:275,0
LF:103
LH:3
end_of_record
SF:lib\a_models\flyer\records\review_model.dart
DA:7,0
DA:24,0
DA:25,0
DA:26,0
DA:27,0
DA:28,0
DA:33,0
DA:38,0
DA:39,0
DA:40,0
DA:41,0
DA:48,0
DA:50,0
DA:52,0
DA:53,0
DA:54,0
DA:64,0
DA:65,0
DA:69,0
LF:19
LH:0
end_of_record
SF:lib\a_models\secondary_models\app_state.dart
DA:8,0
DA:38,0
DA:46,0
DA:47,0
DA:48,0
DA:49,0
DA:51,0
DA:53,0
DA:54,0
DA:64,0
DA:65,0
DA:80,0
DA:81,0
DA:82,0
DA:83,0
DA:84,0
DA:85,0
DA:86,0
DA:87,0
DA:92,0
DA:99,0
DA:100,0
DA:101,0
DA:102,0
DA:103,0
DA:104,0
DA:105,0
DA:115,0
DA:124,0
DA:126,0
DA:128,0
DA:130,0
DA:132,0
DA:134,0
DA:149,0
DA:150,0
DA:165,0
DA:166,0
DA:167,0
DA:168,0
DA:169,0
DA:170,0
DA:171,0
DA:172,0
DA:173,0
LF:45
LH:0
end_of_record
SF:lib\a_models\secondary_models\big_mac.dart
DA:6,1
DA:20,0
DA:21,0
DA:22,0
DA:23,0
DA:24,0
DA:25,0
DA:30,0
DA:34,0
DA:35,0
DA:36,0
DA:37,0
DA:38,0
DA:46,0
DA:49,0
DA:51,0
DA:52,0
DA:53,0
DA:61,0
DA:62,0
DA:64,0
DA:65,0
DA:66,0
DA:68,0
DA:69,0
DA:78,0
DA:79,0
DA:81,0
DA:82,0
DA:83,0
DA:93,0
DA:94,0
DA:96,0
DA:98,0
DA:101,0
DA:108,0
DA:110,0
DA:112,0
DA:117,0
DA:120,0
DA:125,0
DA:126,0
DA:127,0
DA:135,0
DA:136,0
DA:141,0
DA:142,0
DA:143,0
DA:147,0
DA:148,0
DA:156,0
DA:157,0
DA:163,0
DA:164,0
DA:448,0
DA:450,0
DA:451,0
DA:452,0
DA:453,0
DA:458,0
DA:459,0
LF:61
LH:1
end_of_record
SF:lib\f_helpers\drafters\iconizers.dart
DA:24,0
DA:26,0
DA:36,0
DA:38,0
DA:48,0
DA:50,0
DA:52,0
DA:54,0
DA:56,0
DA:58,0
DA:60,0
DA:62,0
DA:69,0
DA:72,0
DA:74,0
DA:76,0
DA:78,0
DA:80,0
DA:82,0
DA:84,0
DA:91,0
DA:94,0
DA:96,0
DA:98,0
DA:100,0
DA:102,0
DA:104,0
DA:111,0
DA:114,0
DA:116,0
DA:118,0
DA:120,0
DA:122,0
DA:124,0
DA:131,0
DA:133,0
DA:135,0
DA:137,0
DA:139,0
DA:141,0
DA:143,0
DA:145,0
DA:147,0
DA:163,0
DA:173,0
DA:177,0
DA:181,0
DA:187,0
DA:190,0
DA:191,0
DA:194,0
DA:195,0
DA:198,0
DA:200,0
DA:201,0
DA:202,0
DA:203,0
DA:204,0
DA:205,0
DA:206,0
DA:207,0
DA:208,0
DA:209,0
DA:214,0
DA:217,0
DA:218,0
DA:219,0
DA:220,0
DA:221,0
DA:222,0
DA:233,0
DA:234,0
DA:237,0
DA:238,0
DA:239,0
DA:240,0
DA:241,0
DA:242,0
DA:274,0
DA:279,0
DA:283,0
DA:287,0
DA:294,0
DA:296,0
DA:297,0
DA:298,0
DA:300,0
DA:301,0
DA:302,0
DA:308,0
DA:313,0
DA:318,0
LF:92
LH:0
end_of_record
SF:lib\a_models\secondary_models\error_helpers.dart
DA:7,0
DA:11,0
DA:13,0
DA:18,0
DA:27,0
DA:30,0
DA:31,0
DA:34,0
DA:37,0
DA:38,0
DA:51,0
DA:59,0
DA:63,0
DA:64,0
DA:67,0
LF:15
LH:0
end_of_record
SF:lib\b_views\z_components\dialogs\center_dialog\center_dialog.dart
DA:13,0
DA:22,0
DA:32,0
DA:43,0
DA:45,0
DA:61,0
DA:64,0
DA:69,0
DA:70,0
DA:83,0
DA:84,0
DA:85,0
DA:89,0
DA:91,0
DA:93,0
DA:94,0
DA:100,0
DA:103,0
DA:104,0
DA:106,0
DA:108,0
DA:110,0
DA:113,0
DA:126,0
DA:128,0
DA:130,0
DA:131,0
DA:139,0
DA:140,0
DA:141,0
DA:142,0
DA:143,0
DA:149,0
DA:152,0
DA:153,0
DA:156,0
DA:160,0
DA:162,0
DA:167,0
DA:170,0
DA:172,0
DA:177,0
DA:179,0
DA:180,0
DA:192,0
DA:195,0
DA:196,0
DA:198,0
DA:205,0
DA:206,0
DA:209,0
DA:217,0
DA:218,0
DA:222,0
DA:224,0
DA:225,0
DA:226,0
DA:229,0
DA:230,0
DA:232,0
DA:236,0
DA:237,0
DA:238,0
LF:63
LH:0
end_of_record
SF:lib\a_models\secondary_models\feedback_model.dart
DA:8,0
DA:22,0
DA:23,0
DA:24,0
DA:25,0
DA:26,0
DA:27,0
DA:32,0
DA:33,0
DA:34,0
DA:35,0
DA:36,0
DA:37,0
DA:42,0
DA:44,0
DA:46,0
DA:47,0
DA:48,0
LF:18
LH:0
end_of_record
SF:lib\a_models\secondary_models\link_model.dart
DA:5,1
DA:13,0
DA:14,0
DA:15,0
DA:16,0
LF:5
LH:1
end_of_record
SF:lib\a_models\secondary_models\map_model.dart
DA:7,0
DA:19,0
DA:21,0
DA:22,0
DA:23,0
DA:27,0
DA:28,0
DA:30,0
DA:32,0
DA:34,0
DA:36,0
DA:37,0
DA:47,0
DA:50,0
DA:56,0
DA:61,0
DA:66,0
DA:67,0
DA:68,0
DA:70,0
DA:72,0
DA:74,0
DA:77,0
DA:87,0
DA:89,0
DA:94,0
DA:110,0
DA:111,0
DA:114,0
DA:115,0
DA:116,0
DA:117,0
DA:118,0
DA:126,0
DA:127,0
DA:135,0
DA:136,0
DA:138,0
DA:140,0
DA:142,0
DA:151,0
DA:152,0
DA:154,0
DA:155,0
DA:156,0
LF:45
LH:0
end_of_record
SF:lib\a_models\secondary_models\phrase_model.dart
DA:12,0
DA:28,0
DA:36,0
DA:38,0
DA:42,0
DA:43,0
DA:46,0
DA:52,0
DA:55,0
DA:56,0
DA:59,0
DA:66,0
DA:68,0
DA:70,0
DA:74,0
DA:76,0
DA:84,0
DA:90,0
DA:92,0
DA:94,0
DA:96,0
DA:98,0
DA:99,0
DA:115,0
DA:122,0
DA:124,0
DA:126,0
DA:128,0
DA:135,0
DA:144,0
DA:151,0
DA:153,0
DA:154,0
DA:157,0
DA:158,0
DA:159,0
DA:160,0
DA:167,0
DA:172,0
DA:174,0
DA:176,0
DA:178,0
DA:180,0
DA:181,0
DA:183,0
DA:187,0
DA:197,0
DA:203,0
DA:205,0
DA:207,0
DA:209,0
DA:211,0
DA:212,0
DA:218,0
DA:227,0
DA:230,0
DA:232,0
DA:234,0
DA:236,0
DA:237,0
DA:239,0
DA:243,0
DA:253,0
DA:257,0
DA:259,0
DA:261,0
DA:263,0
DA:266,0
DA:271,0
DA:274,0
DA:277,0
DA:290,0
DA:295,0
DA:297,0
DA:309,0
DA:311,0
DA:313,0
DA:314,0
DA:315,0
DA:317,0
DA:321,0
DA:325,0
DA:327,0
DA:328,0
DA:330,0
DA:331,0
DA:332,0
DA:333,0
DA:335,0
DA:340,0
DA:350,0
DA:354,0
DA:357,0
DA:358,0
DA:363,0
DA:372,0
DA:379,0
DA:381,0
DA:382,0
DA:383,0
DA:392,0
DA:396,0
DA:398,0
DA:399,0
DA:405,0
DA:412,0
DA:414,0
DA:416,0
DA:418,0
DA:420,0
DA:421,0
DA:422,0
DA:435,0
DA:441,0
DA:443,0
DA:445,0
DA:457,0
DA:459,0
DA:461,0
DA:463,0
DA:464,0
DA:472,0
DA:477,0
DA:479,0
DA:481,0
DA:483,0
DA:485,0
DA:489,0
DA:491,0
DA:495,0
DA:506,0
DA:512,0
DA:514,0
DA:516,0
DA:518,0
DA:521,0
DA:522,0
DA:524,0
DA:526,0
DA:528,0
DA:531,0
DA:533,0
DA:536,0
DA:537,0
DA:539,0
DA:541,0
DA:543,0
DA:548,0
DA:549,0
DA:554,0
DA:558,0
DA:559,0
DA:561,0
DA:563,0
DA:565,0
DA:570,0
DA:571,0
DA:580,0
DA:582,0
DA:584,0
DA:586,0
DA:587,0
DA:596,0
DA:604,0
DA:606,0
DA:607,0
DA:608,0
DA:620,0
DA:626,0
DA:628,0
DA:631,0
DA:633,0
DA:635,0
DA:637,0
DA:650,0
DA:657,0
DA:659,0
DA:661,0
DA:662,0
DA:678,0
DA:684,0
DA:686,0
DA:688,0
DA:700,0
DA:706,0
DA:708,0
DA:710,0
DA:723,0
DA:732,0
DA:734,0
DA:736,0
DA:752,0
DA:759,0
DA:761,0
DA:763,0
DA:767,0
DA:769,0
DA:772,0
DA:774,0
DA:777,0
DA:779,0
DA:792,0
DA:803,0
DA:804,0
DA:808,0
DA:811,0
DA:812,0
DA:816,0
DA:824,0
DA:826,0
DA:827,0
DA:833,0
DA:835,0
DA:836,0
DA:847,0
DA:855,0
DA:858,0
DA:860,0
DA:866,0
DA:867,0
DA:868,0
DA:869,0
DA:871,0
DA:877,0
DA:879,0
DA:882,0
DA:883,0
DA:888,0
DA:890,0
DA:891,0
DA:892,0
DA:913,0
DA:921,0
DA:923,0
DA:924,0
DA:932,0
DA:943,0
DA:949,0
DA:951,0
DA:952,0
DA:955,0
DA:959,0
DA:960,0
DA:966,0
DA:972,0
DA:975,0
DA:979,0
DA:981,0
DA:983,0
DA:985,0
DA:986,0
DA:987,0
DA:989,0
DA:992,0
DA:1001,0
DA:1008,0
DA:1010,0
DA:1012,0
DA:1015,0
DA:1017,0
DA:1019,0
DA:1030,0
DA:1037,0
DA:1038,0
DA:1040,0
DA:1042,0
DA:1044,0
DA:1049,0
DA:1050,0
DA:1063,0
DA:1068,0
DA:1070,0
DA:1072,0
DA:1080,0
DA:1083,0
DA:1085,0
DA:1087,0
DA:1089,0
DA:1090,0
DA:1091,0
DA:1094,0
DA:1104,0
DA:1111,0
DA:1113,0
DA:1115,0
DA:1119,0
DA:1128,0
DA:1129,0
DA:1131,0
DA:1133,0
DA:1135,0
DA:1136,0
DA:1137,0
DA:1138,0
DA:1141,0
DA:1155,0
DA:1160,0
DA:1162,0
DA:1164,0
DA:1166,0
DA:1167,0
DA:1172,0
DA:1178,0
DA:1182,0
DA:1184,0
DA:1186,0
DA:1188,0
DA:1189,0
DA:1194,0
LF:309
LH:0
end_of_record
SF:lib\f_helpers\theme\wordz.dart
DA:4,0
DA:5,0
DA:6,0
DA:7,0
DA:8,0
DA:9,0
DA:10,0
DA:11,0
DA:12,0
DA:13,0
DA:14,0
LF:11
LH:0
end_of_record
SF:lib\a_models\secondary_models\search_result.dart
DA:7,0
DA:23,1
LF:2
LH:1
end_of_record
SF:lib\a_models\user\auth_model.dart
DA:9,1
DA:19,0
DA:49,0
DA:51,0
DA:52,0
DA:53,0
DA:54,0
DA:55,0
DA:60,0
DA:62,0
DA:63,0
DA:64,0
DA:65,0
DA:66,0
DA:71,0
DA:74,0
DA:85,0
DA:88,0
DA:89,0
DA:90,0
DA:91,0
DA:92,0
DA:93,0
DA:94,0
DA:95,0
DA:96,0
DA:97,0
DA:98,0
DA:99,0
DA:100,0
DA:101,0
DA:102,0
DA:103,0
DA:104,0
DA:105,0
DA:106,0
DA:107,0
DA:108,0
DA:109,0
DA:110,0
DA:111,0
DA:112,0
DA:113,0
DA:114,0
DA:115,0
DA:116,0
DA:117,0
DA:118,0
DA:119,0
DA:120,0
DA:121,0
DA:122,0
DA:123,0
DA:124,0
DA:125,0
DA:126,0
DA:127,0
DA:128,0
DA:129,0
DA:130,0
DA:131,0
DA:132,0
DA:133,0
DA:134,0
DA:135,0
DA:136,0
DA:137,0
DA:138,0
DA:139,0
DA:140,0
DA:141,0
DA:142,0
DA:143,0
DA:144,0
DA:145,0
DA:146,0
DA:147,0
DA:148,0
DA:149,0
DA:150,0
DA:151,0
DA:152,0
DA:153,0
DA:154,0
DA:155,0
DA:156,0
DA:157,0
DA:158,0
DA:159,0
DA:160,0
DA:161,0
DA:162,0
DA:163,0
DA:164,0
DA:165,0
DA:166,0
DA:167,0
DA:168,0
DA:169,0
DA:170,0
DA:171,0
DA:172,0
LF:102
LH:1
end_of_record
SF:lib\a_models\user\fcm_token.dart
DA:7,0
DA:19,0
DA:20,0
DA:21,0
DA:22,0
DA:23,0
DA:28,0
DA:33,0
DA:34,0
DA:36,0
DA:37,0
LF:11
LH:0
end_of_record
SF:lib\e_db\fire\ops\user_ops.dart
DA:33,0
DA:35,0
DA:41,0
DA:42,0
DA:53,0
DA:55,0
DA:58,0
DA:59,0
DA:64,0
DA:78,0
DA:79,0
DA:81,0
DA:82,0
DA:84,0
DA:89,0
DA:91,0
DA:92,0
DA:93,0
DA:96,0
DA:98,0
DA:104,0
DA:105,0
DA:106,0
DA:107,0
DA:108,0
DA:110,0
DA:111,0
DA:112,0
DA:113,0
DA:114,0
DA:115,0
DA:116,0
DA:117,0
DA:118,0
DA:119,0
DA:121,0
DA:122,0
DA:123,0
DA:124,0
DA:125,0
DA:126,0
DA:127,0
DA:131,0
DA:140,0
DA:157,0
DA:159,0
DA:168,0
DA:174,0
DA:177,0
DA:183,0
DA:203,0
DA:210,0
DA:212,0
DA:219,0
DA:223,0
DA:238,0
DA:240,0
DA:243,0
DA:244,0
DA:254,0
DA:269,0
DA:272,0
DA:274,0
DA:275,0
DA:276,0
DA:277,0
DA:284,0
DA:285,0
DA:289,0
DA:292,0
DA:293,0
DA:300,0
DA:307,0
DA:313,0
DA:324,0
DA:331,0
DA:333,0
DA:334,0
DA:337,0
DA:339,0
DA:349,0
DA:356,0
DA:358,0
DA:359,0
DA:361,0
DA:375,0
DA:397,0
DA:406,0
DA:408,0
DA:415,0
DA:418,0
DA:420,0
DA:431,0
DA:436,0
DA:437,0
DA:440,0
DA:443,0
DA:450,0
DA:452,0
DA:458,0
DA:464,0
DA:471,0
DA:472,0
DA:479,0
DA:490,0
DA:491,0
DA:498,0
DA:501,0
DA:503,0
DA:507,0
DA:513,0
DA:515,0
DA:530,0
DA:533,0
DA:535,0
DA:538,0
DA:545,0
DA:548,0
DA:550,0
DA:562,0
DA:592,0
DA:600,0
DA:601,0
DA:607,0
DA:610,0
DA:613,0
DA:624,0
DA:628,0
DA:629,0
DA:632,0
DA:635,0
DA:642,0
DA:644,0
DA:650,0
DA:656,0
DA:663,0
DA:664,0
DA:671,0
DA:682,0
DA:683,0
DA:688,0
DA:692,0
DA:693,0
DA:696,0
DA:700,0
DA:701,0
DA:704,0
DA:708,0
DA:711,0
DA:713,0
DA:717,0
DA:718,0
DA:724,0
DA:735,0
DA:746,0
DA:747,0
DA:750,0
DA:754,0
DA:755,0
DA:758,0
DA:762,0
DA:765,0
DA:767,0
DA:771,0
DA:772,0
DA:778,0
LF:166
LH:0
end_of_record
SF:lib\a_models\zone\city_model.dart
DA:15,0
DA:44,0
DA:47,0
DA:48,0
DA:49,0
DA:50,0
DA:51,0
DA:54,0
DA:55,0
DA:56,0
DA:57,0
DA:58,0
DA:61,0
DA:62,0
DA:68,0
DA:73,0
DA:75,0
DA:76,0
DA:77,0
DA:79,0
DA:80,0
DA:88,0
DA:95,0
DA:96,0
DA:97,0
DA:98,0
DA:99,0
DA:100,0
DA:101,0
DA:102,0
DA:103,0
DA:106,0
DA:107,0
DA:108,0
DA:116,0
DA:120,0
DA:122,0
DA:123,0
DA:124,0
DA:125,0
DA:165,0
DA:182,0
DA:186,0
DA:188,0
DA:189,0
DA:191,0
DA:192,0
DA:193,0
DA:207,0
DA:210,0
DA:215,0
DA:216,0
DA:217,0
DA:222,0
DA:230,0
DA:232,0
DA:236,0
DA:244,0
DA:248,0
DA:250,0
DA:251,0
DA:252,0
DA:259,0
DA:270,0
DA:274,0
DA:276,0
DA:278,0
DA:280,0
DA:282,0
DA:284,0
DA:285,0
DA:304,0
DA:305,0
DA:307,0
DA:308,0
DA:309,0
DA:310,0
DA:311,0
DA:312,0
DA:313,0
DA:314,0
DA:316,0
DA:320,0
DA:322,0
DA:324,0
DA:326,0
DA:339,0
DA:344,0
DA:345,0
DA:355,0
DA:363,0
DA:366,0
DA:367,0
DA:369,0
DA:370,0
DA:372,0
DA:374,0
DA:382,0
DA:388,0
DA:402,0
DA:408,0
DA:409,0
DA:410,0
DA:411,0
LF:104
LH:0
end_of_record
SF:lib\a_models\zone\country_model.dart
DA:16,0
DA:48,0
DA:51,0
DA:52,0
DA:53,0
DA:54,0
DA:55,0
DA:56,0
DA:57,0
DA:58,0
DA:59,0
DA:60,0
DA:61,0
DA:67,0
DA:76,0
DA:77,0
DA:78,0
DA:79,0
DA:80,0
DA:81,0
DA:82,0
DA:83,0
DA:84,0
DA:85,0
DA:86,0
DA:87,0
DA:95,0
DA:99,0
DA:101,0
DA:102,0
DA:103,0
DA:104,0
DA:120,0
DA:124,0
DA:126,0
DA:128,0
DA:130,0
DA:132,0
DA:133,0
DA:147,0
DA:152,0
DA:156,0
DA:158,0
DA:160,0
DA:162,0
DA:165,0
DA:166,0
DA:167,0
DA:171,0
DA:187,0
DA:193,0
DA:194,0
DA:203,0
DA:207,0
DA:219,0
DA:227,0
DA:233,0
DA:234,0
DA:236,0
DA:237,0
DA:243,0
DA:244,0
DA:246,0
DA:247,0
DA:253,0
DA:255,0
DA:257,0
DA:259,0
DA:261,0
DA:266,0
DA:267,0
DA:278,0
DA:280,0
DA:282,0
DA:284,0
DA:286,0
DA:291,0
DA:297,0
DA:301,0
DA:303,0
DA:305,0
DA:307,0
DA:318,0
DA:319,0
DA:321,0
DA:322,0
DA:323,0
DA:324,0
DA:325,0
DA:326,0
DA:327,0
DA:328,0
DA:330,0
DA:333,0
DA:335,0
DA:337,0
DA:339,0
DA:351,0
DA:356,0
DA:357,0
DA:361,0
DA:363,0
DA:365,0
DA:369,0
DA:372,0
DA:378,0
DA:383,0
DA:385,0
DA:387,0
DA:388,0
DA:392,0
DA:403,0
LF:112
LH:0
end_of_record
SF:lib\a_models\zone\district_model.dart
DA:13,0
DA:36,0
DA:37,0
DA:38,0
DA:39,0
DA:40,0
DA:41,0
DA:42,0
DA:43,0
DA:44,0
DA:51,0
DA:56,0
DA:58,0
DA:60,0
DA:62,0
DA:63,0
DA:71,0
DA:72,0
DA:73,0
DA:74,0
DA:75,0
DA:76,0
DA:77,0
DA:78,0
DA:79,0
DA:80,0
DA:86,0
DA:88,0
DA:90,0
DA:91,0
DA:93,0
DA:95,0
DA:97,0
DA:99,0
DA:112,0
DA:117,0
DA:119,0
DA:121,0
DA:122,0
DA:123,0
DA:124,0
DA:125,0
DA:141,0
DA:144,0
DA:149,0
DA:151,0
DA:152,0
DA:153,0
DA:164,0
DA:173,0
DA:174,0
DA:178,0
DA:180,0
DA:184,0
DA:192,0
DA:197,0
DA:199,0
DA:202,0
DA:208,0
DA:216,0
DA:218,0
DA:219,0
DA:221,0
DA:222,0
DA:224,0
DA:226,0
DA:233,0
DA:239,0
DA:244,0
DA:249,0
DA:253,0
DA:255,0
DA:257,0
DA:259,0
DA:261,0
DA:263,0
DA:264,0
DA:283,0
DA:285,0
DA:286,0
DA:287,0
DA:288,0
DA:289,0
DA:290,0
DA:292,0
DA:293,0
DA:297,0
DA:299,0
DA:301,0
DA:303,0
DA:305,0
DA:309,0
DA:313,0
LF:93
LH:0
end_of_record
SF:lib\a_models\zone\continent_model.dart
DA:8,0
DA:22,0
DA:23,0
DA:24,0
DA:25,0
DA:26,0
DA:27,0
DA:32,0
DA:33,0
DA:34,0
DA:35,0
DA:37,0
DA:39,0
DA:44,0
DA:45,0
DA:47,0
DA:48,0
DA:49,0
DA:51,0
DA:52,0
DA:61,0
DA:62,0
DA:65,0
DA:67,0
DA:68,0
DA:69,0
DA:71,0
DA:80,0
DA:84,0
DA:85,0
DA:95,0
DA:97,0
DA:98,0
DA:99,0
DA:105,0
DA:109,0
DA:110,0
DA:111,0
DA:112,0
DA:136,0
DA:137,0
DA:139,0
DA:140,0
DA:141,0
DA:142,0
DA:144,0
LF:46
LH:0
end_of_record
SF:lib\a_models\zone\region_model.dart
DA:6,0
DA:18,0
DA:19,0
DA:20,0
DA:21,0
DA:22,0
DA:27,0
DA:28,0
DA:29,0
DA:30,0
DA:31,0
DA:36,0
DA:37,0
DA:39,0
DA:40,0
DA:41,0
DA:43,0
DA:44,0
DA:53,0
DA:54,0
DA:56,0
DA:58,0
DA:59,0
DA:60,0
DA:68,0
DA:72,0
DA:73,0
LF:27
LH:0
end_of_record
SF:lib\a_models\zone\flag_model.dart
DA:6,1
DA:16,0
DA:20,0
DA:21,0
DA:22,0
DA:23,0
DA:1300,1
DA:1310,0
DA:1311,0
DA:1312,0
DA:1317,0
LF:11
LH:2
end_of_record
SF:lib\f_helpers\localization\localizer.dart
DA:38,0
DA:43,0
DA:44,0
DA:54,0
DA:57,0
DA:72,0
DA:73,0
DA:77,0
DA:78,0
DA:82,0
DA:83,0
DA:85,0
DA:86,0
DA:91,0
DA:93,0
DA:107,0
DA:112,0
DA:113,0
DA:114,0
DA:119,0
DA:127,0
DA:131,0
DA:132,0
DA:135,0
DA:138,0
DA:144,0
DA:145,0
DA:149,0
DA:158,0
DA:161,0
DA:164,0
DA:167,0
DA:170,0
DA:172,0
DA:175,0
DA:177,0
DA:188,0
DA:190,0
DA:192,0
DA:194,0
DA:195,0
DA:198,0
DA:203,0
DA:208,0
DA:209,0
DA:210,0
DA:212,0
DA:216,0
DA:217,0
DA:218,0
DA:219,0
DA:223,0
DA:226,0
DA:227,0
DA:228,0
DA:229,0
DA:230,0
DA:231,0
DA:232,0
DA:233,0
DA:243,0
DA:246,0
DA:258,1
DA:260,0
DA:262,0
DA:263,0
DA:267,0
DA:268,0
DA:269,0
DA:273,0
LF:70
LH:1
end_of_record
SF:lib\a_models\zone\currency_model.dart
DA:8,0
DA:24,0
DA:25,0
DA:26,0
DA:27,0
DA:28,0
DA:29,0
DA:33,0
DA:37,0
DA:38,0
DA:39,0
DA:40,0
DA:41,0
DA:48,0
DA:49,0
DA:51,0
DA:52,0
DA:53,0
DA:55,0
DA:56,0
DA:64,0
DA:65,0
DA:68,0
DA:70,0
DA:71,0
DA:72,0
DA:73,0
DA:85,0
DA:86,0
DA:93,0
DA:99,0
DA:100,0
DA:101,0
DA:115,0
DA:121,0
DA:122,0
DA:123,0
DA:124,0
DA:125,0
DA:136,0
DA:137,0
DA:139,0
DA:141,0
DA:142,0
LF:44
LH:0
end_of_record
SF:lib\b_views\x_screens\a_starters\a_0_logo_screen.dart
DA:11,2
DA:15,0
DA:17,0
DA:18,0
DA:33,0
DA:34,0
DA:35,0
DA:36,0
DA:41,0
DA:43,0
DA:45,0
DA:53,0
DA:55,0
DA:56,0
DA:57,0
DA:61,0
DA:63,0
DA:65,0
DA:67,0
DA:68,0
DA:69,0
DA:72,0
DA:76,0
DA:77,0
DA:80,0
DA:83,0
DA:86,0
DA:90,0
DA:91,0
LF:29
LH:1
end_of_record
SF:lib\b_views\y_views\a_starters\a_0_logo_screen_view.dart
DA:6,0
DA:9,0
DA:13,0
DA:15,0
DA:16,0
DA:17,0
LF:6
LH:0
end_of_record
SF:lib\b_views\z_components\layouts\main_layout\main_layout.dart
DA:17,1
DA:29,1
DA:51,0
DA:84,0
DA:87,0
DA:90,0
DA:98,0
DA:110,0
DA:114,0
DA:115,0
DA:116,0
DA:119,0
DA:121,0
DA:122,0
DA:124,0
DA:125,0
DA:126,0
DA:129,0
DA:130,0
DA:134,0
DA:141,0
DA:144,0
DA:146,0
DA:149,0
DA:150,0
DA:151,0
DA:152,0
DA:153,0
DA:155,0
DA:156,0
DA:157,0
DA:158,0
DA:159,0
DA:160,0
DA:161,0
DA:162,0
DA:163,0
DA:164,0
DA:165,0
DA:168,0
DA:170,0
DA:171,0
DA:172,0
DA:173,0
DA:174,0
DA:176,0
DA:177,0
DA:179,0
DA:180,0
DA:184,0
DA:185,0
DA:198,0
DA:201,0
DA:203,0
DA:204,0
LF:55
LH:2
end_of_record
SF:lib\c_controllers\a_starters_controllers\a_0_logo_controller.dart
DA:22,0
DA:27,0
DA:30,0
DA:32,0
DA:38,0
DA:40,0
DA:46,0
DA:48,0
DA:54,0
DA:56,0
DA:61,0
DA:65,0
DA:67,0
DA:69,0
DA:70,0
DA:74,0
DA:81,0
DA:83,0
DA:84,0
DA:85,0
DA:91,0
DA:92,0
DA:101,0
DA:102,0
DA:103,0
DA:107,0
DA:108,0
DA:109,0
DA:113,0
DA:114,0
DA:115,0
DA:119,0
DA:120,0
DA:121,0
DA:125,0
DA:126,0
DA:127,0
DA:131,0
DA:136,0
DA:137,0
DA:139,0
DA:150,0
DA:152,0
DA:159,0
DA:163,0
DA:164,0
DA:165,0
DA:168,0
DA:170,0
DA:171,0
DA:177,0
DA:182,0
LF:52
LH:0
end_of_record
SF:lib\b_views\x_screens\a_starters\a_1_home_screen.dart
DA:16,1
DA:18,0
DA:20,0
DA:21,0
DA:30,0
DA:31,0
DA:32,0
DA:33,0
DA:38,0
DA:40,0
DA:44,0
DA:46,0
DA:48,0
DA:50,0
DA:52,0
DA:56,0
DA:57,0
DA:60,0
DA:62,0
DA:63,0
DA:66,0
DA:71,0
DA:73,0
DA:74,0
DA:77,0
DA:78,0
DA:84,0
DA:88,0
DA:89,0
DA:90,0
DA:93,0
DA:98,0
DA:103,0
DA:109,0
LF:34
LH:1
end_of_record
SF:lib\b_views\y_views\a_starters\a_1_anonymous_home_screen_view.dart
DA:13,1
DA:15,0
DA:17,0
DA:18,0
DA:25,0
DA:27,0
DA:29,0
DA:30,0
DA:31,0
DA:32,0
DA:38,0
DA:40,0
DA:42,0
DA:43,0
DA:44,0
DA:45,0
DA:46,0
DA:50,0
DA:51,0
DA:54,0
DA:57,0
DA:58,0
DA:60,0
DA:67,0
DA:68,0
DA:69,0
DA:72,0
LF:27
LH:1
end_of_record
SF:lib\b_views\y_views\a_starters\a_2_user_home_screen_view.dart
DA:16,1
DA:18,0
DA:20,0
DA:21,0
DA:28,0
DA:30,0
DA:32,0
DA:33,0
DA:34,0
DA:35,0
DA:41,0
DA:43,0
DA:45,0
DA:46,0
DA:47,0
DA:49,0
DA:50,0
DA:55,0
DA:56,0
DA:59,0
DA:62,0
DA:63,0
DA:65,0
DA:72,0
DA:73,0
DA:74,0
DA:77,0
LF:27
LH:1
end_of_record
SF:lib\b_views\z_components\loading\loading.dart
DA:7,10
DA:11,0
DA:16,0
DA:20,0
DA:22,0
DA:23,0
DA:24,0
DA:25,0
DA:26,0
DA:28,0
LF:10
LH:1
end_of_record
SF:lib\c_controllers\a_starters_controllers\a_1_home_controller.dart
DA:20,0
DA:25,0
DA:28,0
DA:31,0
DA:37,0
DA:43,0
DA:49,0
DA:52,0
DA:56,0
DA:57,0
DA:58,0
DA:60,0
DA:63,0
DA:64,0
DA:65,0
DA:66,0
DA:71,0
DA:73,0
DA:74,0
DA:75,0
DA:79,0
DA:83,0
DA:84,0
DA:90,0
DA:91,0
DA:92,0
DA:95,0
DA:99,0
DA:100,0
DA:106,0
DA:110,0
DA:111,0
DA:117,0
DA:118,0
DA:119,0
DA:136,0
DA:138,0
DA:140,0
DA:141,0
DA:143,0
DA:145,0
DA:147,0
DA:148,0
DA:154,0
DA:162,0
DA:164,0
DA:165,0
DA:169,0
DA:175,0
DA:186,0
DA:187,0
DA:188,0
DA:191,0
DA:198,0
DA:199,0
DA:201,0
LF:56
LH:0
end_of_record
SF:lib\d_providers\ui_provider.dart
DA:10,1
DA:27,0
DA:29,0
DA:32,0
DA:33,0
DA:34,0
DA:44,0
DA:46,0
DA:55,0
DA:56,0
DA:60,0
DA:61,0
DA:62,0
DA:66,0
DA:67,0
DA:69,0
DA:93,0
DA:95,0
DA:97,0
DA:103,0
DA:111,0
DA:113,0
DA:116,0
DA:117,0
DA:122,0
DA:123,0
DA:124,0
DA:137,0
DA:139,0
DA:140,0
DA:141,0
DA:144,0
DA:145,0
DA:146,0
DA:156,0
DA:158,0
DA:159,0
DA:160,0
DA:169,0
DA:171,0
DA:172,0
DA:173,0
DA:182,0
DA:184,0
DA:185,0
DA:186,0
DA:195,0
DA:197,0
DA:204,0
DA:210,0
DA:212,0
DA:213,0
DA:216,0
DA:222,0
DA:229,0
DA:234,0
DA:235,0
DA:239,0
DA:243,0
DA:244,0
DA:245,0
DA:259,0
DA:263,0
DA:264,0
DA:265,0
LF:65
LH:1
end_of_record
SF:lib\b_views\x_screens\b_auth\b_0_auth_screen.dart
DA:7,2
DA:9,0
DA:11,0
DA:12,0
DA:18,0
DA:20,0
DA:23,0
LF:7
LH:1
end_of_record
SF:lib\b_views\y_views\b_auth\b_0_auth_screen_view.dart
DA:13,1
DA:15,0
DA:17,0
DA:20,0
DA:22,0
DA:66,0
DA:67,0
DA:71,0
DA:73,0
LF:9
LH:1
end_of_record
SF:lib\b_views\x_screens\b_auth\b_1_email_auth_screen.dart
DA:13,1
DA:15,0
DA:17,0
DA:18,0
DA:32,0
DA:34,0
DA:37,0
DA:39,0
DA:41,0
DA:42,0
DA:44,0
DA:45,0
DA:47,0
DA:48,0
DA:51,0
DA:54,0
DA:55,0
DA:56,0
DA:59,0
DA:60,0
DA:61,0
DA:62,0
DA:66,0
DA:67,0
DA:68,0
DA:69,0
DA:73,0
DA:74,0
DA:75,0
DA:76,0
DA:77,0
DA:81,0
DA:82,0
DA:83,0
DA:86,0
DA:87,0
DA:88,0
DA:89,0
DA:90,0
DA:91,0
DA:95,0
DA:96,0
DA:97,0
DA:98,0
DA:99,0
DA:100,0
DA:101,0
DA:107,0
DA:110,0
DA:111,0
DA:115,0
DA:116,0
DA:117,0
DA:118,0
DA:119,0
DA:120,0
DA:121,0
DA:122,0
DA:123,0
DA:124,0
DA:125,0
DA:126,0
DA:127,0
LF:63
LH:1
end_of_record
SF:lib\b_views\z_components\layouts\unfinished_night_sky.dart
DA:161,0
DA:165,0
DA:171,0
DA:174,0
DA:175,0
DA:177,0
DA:179,0
DA:180,0
DA:182,0
DA:184,0
DA:185,0
DA:195,0
DA:199,0
DA:200,0
DA:203,0
DA:212,1
LF:16
LH:1
end_of_record
SF:lib\b_views\y_views\b_auth\b_1_email_auth_screen_view.dart
DA:17,0
DA:31,0
DA:47,0
DA:52,0
DA:55,0
DA:58,0
DA:59,0
DA:65,0
DA:66,0
DA:73,0
DA:76,0
DA:80,0
DA:81,0
DA:82,0
DA:83,0
DA:84,0
DA:86,0
DA:88,0
DA:97,0
DA:100,0
DA:105,0
DA:106,0
DA:110,0
DA:111,0
DA:112,0
DA:114,0
DA:116,0
DA:119,0
DA:122,0
DA:127,0
DA:128,0
DA:129,0
DA:132,0
DA:133,0
DA:140,0
DA:141,0
DA:144,0
DA:149,0
DA:150,0
DA:151,0
DA:154,0
DA:155,0
DA:169,0
DA:171,0
DA:173,0
DA:177,0
DA:181,0
DA:188,0
DA:193,0
DA:195,0
DA:199,0
DA:204,0
DA:208,0
DA:212,0
DA:244,0
DA:245,0
LF:56
LH:0
end_of_record
SF:lib\c_controllers\b_0_auth_controller.dart
DA:30,0
DA:32,0
DA:33,0
DA:34,0
DA:39,0
DA:46,0
DA:48,0
DA:49,0
DA:50,0
DA:55,0
DA:62,0
DA:64,0
DA:65,0
DA:66,0
DA:71,0
DA:78,0
DA:86,0
DA:93,0
DA:96,0
DA:102,0
DA:110,0
DA:115,0
DA:124,0
DA:131,0
DA:138,0
DA:139,0
DA:141,0
DA:146,0
DA:155,0
DA:164,0
DA:170,0
DA:171,0
DA:180,0
DA:185,0
DA:188,0
DA:189,0
DA:198,0
DA:205,0
DA:210,0
DA:213,0
DA:220,0
DA:225,0
DA:228,0
DA:229,0
DA:230,0
DA:232,0
DA:235,0
DA:237,0
DA:240,0
DA:247,0
DA:254,0
DA:259,0
DA:261,0
DA:264,0
DA:266,0
DA:267,0
DA:268,0
DA:270,0
DA:279,0
DA:284,0
DA:285,0
DA:287,0
DA:290,0
DA:297,0
DA:298,0
DA:305,0
DA:311,0
DA:312,0
DA:315,0
DA:318,0
DA:324,0
DA:329,0
DA:333,0
DA:334,0
DA:339,0
DA:340,0
DA:348,0
DA:353,0
DA:356,0
DA:357,0
DA:360,0
DA:361,0
DA:367,0
DA:375,0
DA:376,0
DA:379,0
DA:380,0
DA:383,0
DA:384,0
LF:89
LH:0
end_of_record
SF:lib\b_views\x_screens\c_search\c_0_search_screen.dart
DA:22,2
DA:24,0
DA:26,0
DA:27,0
DA:36,0
DA:38,0
DA:40,0
DA:42,0
DA:43,0
DA:44,0
DA:45,0
DA:47,0
DA:49,0
DA:51,0
DA:52,0
DA:62,0
DA:64,0
DA:66,0
DA:68,0
DA:69,0
DA:71,0
DA:78,0
DA:79,0
DA:82,0
DA:84,0
DA:85,0
DA:88,0
DA:90,0
DA:91,0
DA:92,0
DA:97,0
DA:99,0
DA:100,0
DA:106,0
DA:107,0
DA:109,0
DA:110,0
DA:112,0
DA:114,0
DA:116,0
DA:120,0
DA:123,0
DA:124,0
DA:132,0
DA:134,0
DA:136,0
DA:137,0
DA:138,0
DA:139,0
DA:141,0
DA:142,0
DA:143,0
DA:144,0
DA:146,0
DA:149,0
DA:150,0
LF:56
LH:1
end_of_record
SF:lib\b_views\y_views\c_search\c_0_search_screen_view.dart
DA:13,0
DA:16,0
DA:20,0
DA:23,0
DA:24,0
DA:26,0
DA:28,0
DA:32,0
DA:34,0
DA:36,0
DA:38,0
DA:44,0
DA:45,0
DA:46,0
DA:48,0
DA:53,0
DA:54,0
LF:17
LH:0
end_of_record
SF:lib\c_controllers\c_0_search_controller.dart
DA:25,0
DA:27,0
DA:28,0
DA:30,0
DA:31,0
DA:33,0
DA:36,0
DA:41,0
DA:42,0
DA:52,0
DA:60,0
DA:64,0
DA:68,0
DA:72,0
DA:77,0
DA:79,0
DA:80,0
DA:81,0
DA:84,0
DA:89,0
DA:90,0
DA:94,0
DA:99,0
DA:100,0
DA:102,0
DA:103,0
DA:104,0
DA:107,0
DA:108,0
DA:111,0
DA:112,0
DA:117,0
DA:122,0
DA:126,0
DA:133,0
DA:138,0
DA:174,0
DA:178,0
DA:180,0
DA:182,0
DA:187,0
DA:189,0
DA:191,0
DA:192,0
DA:193,0
DA:195,0
DA:196,0
DA:197,0
DA:198,0
DA:208,0
DA:213,0
DA:214,0
DA:216,0
DA:218,0
DA:223,0
DA:224,0
DA:226,0
DA:228,0
DA:229,0
DA:231,0
DA:232,0
DA:234,0
DA:235,0
DA:236,0
DA:237,0
DA:258,0
DA:263,0
DA:265,0
DA:267,0
DA:269,0
DA:273,0
DA:274,0
DA:284,0
DA:289,0
DA:291,0
DA:293,0
DA:299,0
DA:301,0
DA:311,0
DA:318,0
DA:320,0
DA:322,0
DA:323,0
DA:331,0
DA:332,0
DA:338,0
DA:339,0
DA:345,0
DA:346,0
DA:347,0
DA:353,0
DA:354,0
DA:356,0
LF:93
LH:0
end_of_record
SF:lib\d_providers\search_provider.dart
DA:22,0
DA:23,0
DA:24,0
DA:25,0
DA:27,0
DA:32,0
DA:33,0
DA:36,0
DA:37,0
DA:40,0
DA:41,0
DA:44,0
DA:45,0
DA:48,0
DA:52,0
DA:63,0
DA:65,0
DA:66,0
DA:76,0
DA:77,0
DA:88,0
DA:90,0
DA:91,0
DA:92,0
DA:94,0
DA:104,0
DA:105,0
DA:108,0
DA:110,0
DA:111,0
DA:115,0
DA:116,0
DA:125,0
DA:126,0
DA:129,0
DA:177,0
DA:178,0
DA:179,0
DA:180,0
DA:183,0
DA:185,0
DA:195,0
DA:196,0
DA:198,0
DA:199,0
DA:200,0
DA:203,0
DA:205,0
DA:206,0
DA:207,0
DA:211,0
DA:213,0
DA:215,0
DA:216,0
DA:217,0
DA:222,0
DA:223,0
DA:224,0
LF:58
LH:0
end_of_record
SF:lib\d_providers\zone_provider.dart
DA:31,0
DA:42,0
DA:49,0
DA:50,0
DA:51,0
DA:59,0
DA:62,0
DA:69,0
DA:71,0
DA:72,0
DA:84,0
DA:89,0
DA:91,0
DA:93,0
DA:95,0
DA:100,0
DA:109,0
DA:119,0
DA:122,0
DA:129,0
DA:130,0
DA:131,0
DA:139,0
DA:142,0
DA:149,0
DA:151,0
DA:152,0
DA:166,0
DA:175,0
DA:179,0
DA:180,0
DA:189,0
DA:195,0
DA:196,0
DA:200,0
DA:204,0
DA:213,0
DA:222,0
DA:225,0
DA:226,0
DA:227,0
DA:238,0
DA:240,0
DA:243,0
DA:244,0
DA:250,0
DA:270,0
DA:275,0
DA:277,0
DA:279,0
DA:281,0
DA:285,0
DA:296,0
DA:301,0
DA:305,0
DA:306,0
DA:307,0
DA:312,0
DA:315,0
DA:321,0
DA:323,0
DA:324,0
DA:337,0
DA:342,0
DA:346,0
DA:347,0
DA:348,0
DA:353,0
DA:356,0
DA:360,0
DA:362,0
DA:363,0
DA:382,0
DA:383,0
DA:386,0
DA:390,0
DA:391,0
DA:393,0
DA:396,0
DA:397,0
DA:398,0
DA:401,0
DA:402,0
DA:405,0
DA:407,0
DA:409,0
DA:424,0
DA:425,0
DA:427,0
DA:428,0
DA:431,0
DA:436,0
DA:438,0
DA:441,0
DA:443,0
DA:446,0
DA:450,0
DA:451,0
DA:452,0
DA:453,0
DA:456,0
DA:457,0
DA:468,0
DA:469,0
DA:470,0
DA:472,0
DA:477,0
DA:479,0
DA:482,0
DA:484,0
DA:487,0
DA:488,0
DA:489,0
DA:491,0
DA:493,0
DA:501,0
DA:507,0
DA:508,0
DA:509,0
DA:511,0
DA:515,0
DA:516,0
DA:527,0
DA:528,0
DA:532,0
DA:533,0
DA:537,0
DA:539,0
DA:544,0
DA:553,0
DA:555,0
DA:557,0
DA:559,0
DA:561,0
DA:563,0
DA:564,0
DA:567,0
DA:568,0
DA:577,0
DA:578,0
DA:588,0
DA:589,0
DA:597,0
DA:599,0
DA:616,0
DA:617,0
DA:619,0
DA:620,0
DA:623,0
DA:627,0
DA:629,0
DA:631,0
DA:634,0
DA:635,0
DA:637,0
DA:643,0
DA:647,0
DA:648,0
DA:649,0
DA:652,0
DA:653,0
DA:665,0
DA:667,0
DA:672,0
DA:674,0
DA:677,0
DA:678,0
DA:682,0
DA:683,0
DA:684,0
DA:687,0
DA:688,0
DA:697,0
DA:699,0
DA:700,0
DA:701,0
DA:702,0
DA:705,0
DA:706,0
DA:720,0
DA:725,0
DA:726,0
DA:730,0
DA:741,0
DA:747,0
DA:749,0
DA:754,0
DA:755,0
DA:767,0
DA:769,0
DA:782,0
DA:784,0
DA:800,0
DA:803,0
DA:804,0
DA:805,0
DA:808,0
DA:809,0
DA:818,0
DA:820,0
DA:825,0
DA:826,0
DA:829,0
DA:835,0
DA:837,0
DA:840,0
DA:845,0
DA:849,0
DA:850,0
DA:851,0
DA:854,0
DA:855,0
DA:864,0
DA:866,0
DA:872,0
DA:874,0
DA:882,0
DA:886,0
DA:887,0
DA:888,0
DA:891,0
DA:892,0
DA:895,0
DA:897,0
DA:898,0
DA:900,0
DA:901,0
DA:903,0
LF:228
LH:0
end_of_record
SF:lib\f_helpers\drafters\scalers.dart
DA:8,0
DA:9,0
DA:13,0
DA:14,0
DA:18,0
DA:19,0
DA:23,0
DA:26,0
DA:27,0
DA:28,0
DA:34,0
DA:35,0
DA:36,0
DA:40,0
DA:48,0
DA:49,0
DA:56,0
DA:64,0
DA:65,0
DA:67,0
DA:69,0
DA:71,0
DA:80,0
DA:81,0
DA:82,0
DA:86,0
DA:93,0
DA:95,0
DA:98,0
DA:103,0
DA:104,0
DA:106,0
LF:32
LH:0
end_of_record
SF:lib\f_helpers\router\navigators.dart
DA:10,0
DA:11,0
DA:22,0
DA:23,0
DA:34,0
DA:39,0
DA:41,0
DA:55,0
DA:57,0
DA:61,0
DA:62,0
DA:64,0
DA:65,0
DA:79,0
DA:89,0
DA:91,0
DA:101,0
DA:110,0
DA:112,0
DA:116,0
DA:121,0
DA:124,0
DA:129,0
DA:132,0
DA:133,0
DA:137,0
DA:138,0
DA:143,0
DA:144,0
DA:145,0
DA:149,0
DA:151,0
DA:152,0
DA:156,0
DA:158,0
DA:160,0
DA:161,0
DA:163,0
DA:167,0
DA:168,0
LF:40
LH:0
end_of_record
SF:lib\b_views\x_screens\d_zoning\d_1_select_country_screen.dart
DA:11,2
DA:16,0
DA:22,0
DA:23,0
DA:29,0
DA:31,0
DA:32,0
DA:33,0
DA:35,0
DA:36,0
DA:41,0
DA:46,0
DA:48,0
DA:49,0
DA:55,0
DA:56,0
DA:59,0
DA:62,0
DA:68,0
DA:69,0
DA:70,0
DA:72,0
DA:73,0
DA:74,0
DA:75,0
LF:25
LH:1
end_of_record
SF:lib\b_views\y_views\d_zoning\d_1_select_country_screen_view.dart
DA:11,0
DA:14,0
DA:18,0
DA:21,0
DA:22,0
DA:23,0
DA:24,0
DA:25,0
DA:27,0
DA:30,0
DA:31,0
DA:39,0
DA:40,0
LF:13
LH:0
end_of_record
SF:lib\c_controllers\d_zoning_controller.dart
DA:26,0
DA:28,0
DA:37,0
DA:39,0
DA:48,0
DA:56,0
DA:64,0
DA:65,0
DA:71,0
DA:76,0
DA:78,0
DA:89,0
DA:95,0
DA:104,0
DA:109,0
DA:110,0
DA:113,0
DA:128,0
DA:133,0
DA:134,0
DA:145,0
DA:150,0
DA:151,0
DA:153,0
DA:155,0
DA:162,0
DA:164,0
DA:166,0
DA:170,0
DA:176,0
DA:178,0
DA:181,0
DA:190,0
DA:192,0
DA:194,0
DA:197,0
DA:203,0
DA:209,0
DA:214,0
DA:216,0
DA:218,0
DA:219,0
DA:221,0
DA:222,0
DA:231,0
DA:236,0
DA:237,0
DA:239,0
DA:244,0
DA:249,0
DA:256,0
DA:264,0
DA:265,0
DA:266,0
DA:271,0
DA:275,0
DA:280,0
DA:281,0
DA:287,0
DA:288,0
DA:290,0
DA:296,0
DA:298,0
DA:299,0
DA:310,0
DA:311,0
DA:312,0
DA:314,0
DA:317,0
DA:319,0
DA:320,0
DA:322,0
DA:325,0
DA:334,0
DA:338,0
DA:343,0
DA:344,0
DA:346,0
DA:355,0
DA:360,0
DA:361,0
DA:363,0
DA:370,0
DA:372,0
DA:374,0
DA:376,0
DA:383,0
DA:385,0
DA:387,0
DA:390,0
DA:396,0
DA:401,0
DA:403,0
DA:404,0
DA:406,0
DA:407,0
DA:415,0
DA:420,0
DA:421,0
DA:423,0
DA:428,0
DA:430,0
DA:437,0
DA:444,0
DA:445,0
DA:446,0
DA:448,0
DA:449,0
DA:450,0
DA:455,0
DA:458,0
DA:460,0
DA:462,0
DA:465,0
DA:474,0
DA:479,0
DA:480,0
DA:482,0
DA:486,0
DA:491,0
DA:492,0
DA:494,0
DA:501,0
DA:503,0
DA:505,0
DA:507,0
DA:515,0
DA:517,0
DA:519,0
DA:522,0
DA:528,0
DA:530,0
DA:531,0
LF:133
LH:0
end_of_record
SF:lib\b_views\x_screens\d_zoning\d_2_select_city_screen.dart
DA:20,0
DA:26,0
DA:33,0
DA:34,0
DA:41,0
DA:43,0
DA:48,0
DA:50,0
DA:52,0
DA:53,0
DA:54,0
DA:56,0
DA:57,0
DA:58,0
DA:65,0
DA:66,0
DA:69,0
DA:71,0
DA:73,0
DA:74,0
DA:75,0
DA:76,0
DA:78,0
DA:84,0
DA:89,0
DA:91,0
DA:92,0
DA:98,0
DA:99,0
DA:102,0
DA:105,0
DA:106,0
DA:108,0
DA:109,0
DA:112,0
DA:114,0
DA:117,0
DA:123,0
DA:124,0
DA:125,0
DA:127,0
DA:128,0
DA:129,0
DA:133,0
DA:135,0
DA:141,0
DA:143,0
LF:47
LH:0
end_of_record
SF:lib\b_views\y_views\d_zoning\d_2_select_city_screen_view.dart
DA:14,0
DA:18,0
DA:23,0
DA:26,0
DA:29,0
DA:38,0
DA:39,0
DA:40,0
DA:41,0
DA:42,0
DA:44,0
DA:48,0
DA:49,0
DA:57,0
DA:58,0
DA:59,0
LF:16
LH:0
end_of_record
SF:lib\b_views\z_components\app_bar\zone_button.dart
DA:19,1
DA:26,0
DA:35,0
DA:36,0
DA:45,0
DA:46,0
DA:47,0
DA:48,0
DA:51,0
DA:55,0
DA:56,0
DA:57,0
DA:61,0
DA:67,0
DA:71,0
DA:72,0
DA:73,0
DA:77,0
DA:83,0
DA:86,0
DA:88,0
DA:89,0
DA:90,0
DA:92,0
DA:94,0
DA:97,0
DA:99,0
DA:104,0
DA:107,0
DA:110,0
DA:112,0
DA:116,0
DA:122,0
DA:128,0
DA:129,0
DA:130,0
DA:136,0
DA:139,0
DA:140,0
DA:142,0
DA:144,0
DA:147,0
DA:149,0
DA:150,0
DA:152,0
DA:153,0
DA:156,0
DA:158,0
DA:162,0
DA:170,0
DA:172,0
DA:175,0
DA:183,0
DA:184,0
DA:192,0
LF:55
LH:1
end_of_record
SF:lib\b_views\x_screens\d_zoning\d_3_select_district_screen.dart
DA:17,0
DA:23,0
DA:30,0
DA:31,0
DA:36,0
DA:38,0
DA:43,0
DA:45,0
DA:47,0
DA:48,0
DA:49,0
DA:51,0
DA:52,0
DA:53,0
DA:60,0
DA:61,0
DA:64,0
DA:66,0
DA:68,0
DA:69,0
DA:70,0
DA:72,0
DA:78,0
DA:83,0
DA:85,0
DA:86,0
DA:92,0
DA:93,0
DA:96,0
DA:139,0
DA:140,0
DA:141,0
DA:144,0
DA:146,0
DA:149,0
DA:156,0
DA:157,0
DA:159,0
DA:162,0
DA:163,0
DA:164,0
DA:168,0
DA:170,0
DA:171,0
DA:176,0
DA:177,0
DA:178,0
LF:47
LH:0
end_of_record
SF:lib\b_views\y_views\d_zoning\d_3_select_district_screen_view.dart
DA:15,0
DA:19,0
DA:24,0
DA:27,0
DA:29,0
DA:30,0
DA:32,0
DA:36,0
DA:39,0
DA:46,0
DA:47,0
DA:48,0
DA:49,0
DA:50,0
DA:52,0
DA:56,0
DA:57,0
DA:65,0
DA:66,0
DA:67,0
LF:20
LH:0
end_of_record
SF:lib\b_views\x_screens\e_saves\e_0_saved_flyers_screen.dart
DA:13,2
DA:16,0
DA:20,0
DA:21,0
DA:32,0
DA:34,0
DA:35,0
DA:36,0
DA:39,0
DA:47,0
DA:50,0
DA:52,0
DA:53,0
DA:56,0
DA:59,0
DA:61,0
DA:67,0
DA:68,0
DA:71,0
DA:75,0
DA:79,0
DA:82,0
DA:85,0
DA:86,0
DA:87,0
DA:88,0
DA:89,0
DA:90,0
LF:28
LH:1
end_of_record
SF:lib\b_views\y_views\e_saves\saved_flyers_view.dart
DA:14,0
DA:21,0
DA:29,0
DA:36,0
DA:43,0
DA:46,0
DA:51,0
DA:53,0
DA:56,0
DA:57,0
DA:58,0
DA:60,0
DA:61,0
DA:62,0
DA:65,0
DA:67,0
DA:69,0
DA:71,0
DA:73,0
DA:79,0
DA:81,0
DA:82,0
DA:83,0
DA:87,0
DA:89,0
DA:104,0
DA:105,0
DA:107,0
DA:108,0
DA:112,0
DA:113,0
DA:114,0
DA:116,0
DA:123,0
DA:124,0
DA:125,0
DA:126,0
DA:127,0
LF:38
LH:0
end_of_record
SF:lib\b_views\x_screens\f_bz\f_0_my_bz_screen.dart
DA:19,0
DA:22,0
DA:26,0
DA:27,0
DA:37,0
DA:40,0
DA:41,0
DA:43,0
DA:45,0
DA:46,0
DA:49,0
DA:50,0
DA:51,0
DA:52,0
DA:56,0
DA:60,0
DA:62,0
DA:64,0
DA:65,0
DA:67,0
DA:72,0
DA:75,0
DA:76,0
DA:77,0
DA:81,0
DA:82,0
DA:83,0
DA:87,0
DA:88,0
DA:95,0
DA:96,0
DA:97,0
DA:101,0
DA:110,0
DA:111,0
DA:114,0
DA:116,0
DA:117,0
DA:120,0
DA:121,0
DA:122,0
DA:123,0
DA:126,0
DA:128,0
DA:130,0
DA:131,0
DA:132,0
DA:133,0
DA:134,0
DA:151,0
DA:162,0
DA:165,0
DA:167,0
DA:168,0
DA:174,0
DA:175,0
DA:176,0
DA:177,0
DA:180,0
DA:181,0
DA:182,0
LF:61
LH:0
end_of_record
SF:lib\b_views\y_views\f_bz\f_0_my_bz_screen_view.dart
DA:11,0
DA:14,0
DA:18,0
DA:21,0
DA:24,0
DA:26,0
DA:29,0
DA:30,0
DA:32,0
DA:34,0
DA:35,0
DA:47,0
DA:48,0
DA:57,0
DA:58,0
LF:15
LH:0
end_of_record
SF:lib\b_views\z_components\bz_profile\appbar\bz_app_bar.dart
DA:21,1
DA:27,0
DA:36,0
DA:38,0
DA:39,0
DA:41,0
DA:49,0
DA:52,0
DA:53,0
DA:54,0
DA:55,0
DA:61,0
DA:62,0
DA:63,0
DA:64,0
DA:65,0
DA:68,0
DA:70,0
DA:75,0
DA:77,0
DA:80,0
DA:81,0
DA:84,0
DA:87,0
DA:88,0
DA:93,0
DA:103,0
DA:104,0
DA:105,0
DA:106,0
DA:110,0
DA:117,0
LF:32
LH:1
end_of_record
SF:lib\c_controllers\f_my_bz_screen_controller.dart
DA:7,0
DA:8,0
DA:9,0
DA:10,0
DA:14,0
DA:19,0
DA:21,0
DA:22,0
DA:32,0
DA:38,0
DA:40,0
DA:41,0
DA:44,0
DA:46,0
DA:47,0
LF:15
LH:0
end_of_record
SF:lib\d_providers\bzz_provider.dart
DA:24,0
DA:34,0
DA:39,0
DA:40,0
DA:47,0
DA:48,0
DA:59,0
DA:66,0
DA:67,0
DA:76,0
DA:80,0
DA:82,0
DA:83,0
DA:84,0
DA:87,0
DA:95,0
DA:100,0
DA:103,0
DA:105,0
DA:107,0
DA:122,0
DA:123,0
DA:130,0
DA:135,0
DA:136,0
DA:138,0
DA:140,0
DA:145,0
DA:152,0
DA:156,0
DA:157,0
DA:158,0
DA:162,0
DA:165,0
DA:166,0
DA:178,0
DA:179,0
DA:182,0
DA:187,0
DA:188,0
DA:190,0
DA:192,0
DA:194,0
DA:202,0
DA:206,0
DA:207,0
DA:208,0
DA:212,0
DA:215,0
DA:216,0
DA:221,0
DA:222,0
DA:223,0
DA:229,0
DA:230,0
DA:232,0
DA:236,0
DA:237,0
DA:238,0
DA:241,0
DA:242,0
DA:243,0
DA:244,0
DA:245,0
DA:250,0
DA:251,0
DA:252,0
DA:254,0
DA:264,0
DA:265,0
DA:268,0
DA:273,0
DA:274,0
DA:275,0
DA:277,0
DA:279,0
DA:284,0
DA:291,0
DA:295,0
DA:296,0
DA:297,0
DA:301,0
DA:304,0
DA:305,0
DA:310,0
DA:316,0
DA:317,0
DA:319,0
DA:343,0
DA:344,0
DA:346,0
DA:347,0
DA:348,0
DA:350,0
DA:352,0
DA:355,0
DA:361,0
DA:362,0
DA:363,0
DA:364,0
DA:366,0
DA:367,0
DA:372,0
DA:378,0
DA:379,0
DA:384,0
DA:386,0
DA:393,0
DA:398,0
DA:399,0
DA:401,0
DA:402,0
DA:406,0
DA:409,0
DA:410,0
DA:415,0
DA:418,0
LF:117
LH:0
end_of_record
SF:lib\b_views\x_screens\f_bz\f_1_my_bzz_selector_screen.dart
DA:13,0
DA:17,0
DA:22,0
DA:25,0
DA:33,0
DA:39,0
DA:40,0
DA:42,0
DA:44,0
DA:49,0
DA:50,0
DA:51,0
DA:53,0
LF:13
LH:0
end_of_record
SF:lib\b_views\z_components\buttons\dream_box\dream_box.dart
DA:18,4
DA:60,0
DA:106,0
DA:112,0
DA:120,0
DA:127,0
DA:128,0
DA:130,0
DA:132,0
DA:134,0
DA:135,0
DA:136,0
DA:144,0
DA:151,0
DA:154,0
DA:155,0
DA:158,0
DA:164,0
DA:169,0
DA:170,0
DA:171,0
DA:172,0
DA:173,0
DA:176,0
DA:177,0
DA:178,0
DA:179,0
DA:184,0
DA:217,0
DA:219,0
DA:220,0
DA:221,0
DA:224,0
DA:225,0
DA:226,0
DA:227,0
DA:230,0
DA:232,0
DA:251,0
DA:253,0
DA:255,0
DA:256,0
DA:258,0
DA:259,0
DA:262,0
DA:274,0
DA:275,0
DA:276,0
DA:277,0
DA:278,0
DA:281,0
DA:282,0
DA:286,0
DA:288,0
DA:290,0
DA:291,0
DA:292,0
DA:293,0
DA:294,0
DA:297,0
DA:298,0
DA:300,0
DA:301,0
DA:302,0
DA:303,0
DA:305,0
DA:306,0
DA:307,0
DA:308,0
DA:309,0
DA:310,0
DA:311,0
DA:312,0
DA:313,0
DA:314,0
DA:315,0
DA:316,0
DA:320,0
DA:327,0
DA:329,0
DA:330,0
DA:331,0
DA:335,0
DA:336,0
DA:338,0
DA:339,0
DA:344,0
DA:345,0
DA:347,0
DA:348,0
DA:349,0
DA:350,0
DA:351,0
DA:352,0
DA:353,0
DA:358,0
DA:359,0
DA:361,0
DA:362,0
DA:363,0
DA:364,0
DA:365,0
DA:366,0
DA:367,0
DA:368,0
LF:105
LH:1
end_of_record
SF:lib\b_views\x_screens\f_bz_editor\f_x_bz_editor_screen.dart
DA:40,0
DA:45,0
DA:51,0
DA:52,0
DA:64,0
DA:65,0
DA:66,0
DA:67,0
DA:72,0
DA:74,0
DA:75,0
DA:76,0
DA:77,0
DA:79,0
DA:82,0
DA:83,0
DA:84,0
DA:85,0
DA:86,0
DA:87,0
DA:88,0
DA:89,0
DA:119,0
DA:121,0
DA:122,0
DA:124,0
DA:126,0
DA:127,0
DA:128,0
DA:129,0
DA:130,0
DA:131,0
DA:132,0
DA:133,0
DA:134,0
DA:146,0
DA:147,0
DA:148,0
DA:150,0
DA:152,0
DA:153,0
DA:154,0
DA:155,0
DA:158,0
DA:160,0
DA:161,0
DA:163,0
DA:164,0
DA:165,0
DA:166,0
DA:167,0
DA:168,0
DA:169,0
DA:170,0
DA:171,0
DA:172,0
DA:173,0
DA:176,0
DA:177,0
DA:178,0
DA:179,0
DA:182,0
DA:184,0
DA:185,0
DA:189,0
DA:190,0
DA:191,0
DA:192,0
DA:193,0
DA:195,0
DA:198,0
DA:200,0
DA:203,0
DA:204,0
DA:209,0
DA:211,0
DA:212,0
DA:216,0
DA:219,0
DA:221,0
DA:224,0
DA:225,0
DA:227,0
DA:230,0
DA:232,0
DA:236,0
DA:240,0
DA:241,0
DA:244,0
DA:245,0
DA:250,0
DA:252,0
DA:254,0
DA:255,0
DA:257,0
DA:259,0
DA:261,0
DA:262,0
DA:263,0
DA:265,0
DA:266,0
DA:268,0
DA:279,0
DA:281,0
DA:282,0
DA:283,0
DA:284,0
DA:285,0
DA:286,0
DA:287,0
DA:288,0
DA:289,0
DA:290,0
DA:291,0
DA:292,0
DA:293,0
DA:294,0
DA:295,0
DA:296,0
DA:297,0
DA:298,0
DA:299,0
DA:300,0
DA:301,0
DA:302,0
DA:303,0
DA:304,0
DA:305,0
DA:306,0
DA:312,0
DA:339,0
DA:353,0
DA:358,0
DA:359,0
DA:364,0
DA:366,0
DA:367,0
DA:376,0
DA:378,0
DA:381,0
DA:383,0
DA:385,0
DA:387,0
DA:389,0
DA:391,0
DA:393,0
DA:398,0
DA:406,0
DA:409,0
DA:411,0
DA:412,0
DA:417,0
DA:426,0
DA:427,0
DA:435,0
DA:440,0
DA:449,0
DA:452,0
DA:454,0
DA:463,0
DA:464,0
DA:466,0
DA:468,0
DA:469,0
DA:472,0
DA:473,0
DA:474,0
DA:475,0
DA:476,0
DA:480,0
DA:482,0
DA:487,0
DA:489,0
DA:490,0
DA:492,0
DA:497,0
DA:502,0
DA:503,0
DA:505,0
DA:506,0
DA:514,0
DA:516,0
DA:517,0
DA:519,0
DA:525,0
DA:531,0
DA:532,0
DA:533,0
DA:535,0
DA:541,0
DA:544,0
DA:557,0
DA:559,0
DA:560,0
DA:562,0
DA:567,0
DA:572,0
DA:573,0
DA:574,0
DA:576,0
DA:581,0
DA:582,0
DA:585,0
DA:586,0
DA:600,0
DA:602,0
DA:603,0
DA:604,0
DA:605,0
DA:610,0
DA:612,0
DA:613,0
DA:616,0
DA:617,0
DA:619,0
DA:621,0
DA:624,0
DA:631,0
DA:633,0
DA:636,0
DA:650,0
DA:653,0
DA:654,0
DA:660,0
DA:665,0
DA:667,0
DA:673,0
DA:679,0
DA:681,0
DA:682,0
DA:684,0
DA:686,0
DA:701,0
DA:702,0
DA:715,0
DA:719,0
DA:725,0
DA:732,0
LF:238
LH:0
end_of_record
SF:lib\b_views\z_components\bubble\bubbles_separator.dart
DA:7,10
DA:10,0
DA:14,0
DA:17,0
DA:19,0
DA:23,0
DA:24,0
LF:7
LH:1
end_of_record
SF:lib\b_views\z_components\profile_editors\add_gallery_pic_bubble.dart
DA:13,1
DA:22,0
DA:29,0
DA:37,0
DA:43,0
DA:44,0
DA:52,0
DA:53,0
DA:61,0
DA:70,0
DA:77,0
DA:79,0
DA:83,0
DA:85,0
DA:87,0
DA:89,0
DA:92,0
DA:94,0
DA:109,0
DA:112,0
DA:114,0
DA:117,0
DA:122,0
DA:126,0
DA:131,0
DA:141,0
DA:142,0
DA:143,0
DA:145,0
DA:146,0
DA:147,0
DA:149,0
DA:150,0
DA:157,0
DA:158,0
DA:165,0
DA:178,0
DA:179,0
DA:180,0
DA:192,0
DA:200,0
DA:209,0
DA:210,0
LF:43
LH:1
end_of_record
SF:lib\b_views\z_components\profile_editors\multiple_choice_bubble.dart
DA:11,0
DA:20,0
DA:30,0
DA:33,0
DA:34,0
DA:36,0
DA:37,0
DA:42,0
DA:43,0
DA:44,0
DA:47,0
DA:49,0
DA:51,0
DA:53,0
DA:54,0
DA:58,0
DA:59,0
DA:63,0
DA:66,0
DA:67,0
DA:72,0
DA:76,0
DA:82,0
LF:23
LH:0
end_of_record
SF:lib\b_views\z_components\profile_editors\zone_selection_bubble.dart
DA:27,0
DA:33,0
DA:40,0
DA:41,0
DA:62,0
DA:63,0
DA:64,0
DA:65,0
DA:68,0
DA:70,0
DA:71,0
DA:72,0
DA:76,0
DA:78,0
DA:80,0
DA:82,0
DA:83,0
DA:84,0
DA:87,0
DA:88,0
DA:89,0
DA:92,0
DA:93,0
DA:94,0
DA:97,0
DA:98,0
DA:99,0
DA:103,0
DA:107,0
DA:108,0
DA:111,0
DA:113,0
DA:114,0
DA:115,0
DA:116,0
DA:117,0
DA:118,0
DA:119,0
DA:120,0
DA:123,0
DA:127,0
DA:129,0
DA:130,0
DA:148,0
DA:150,0
DA:152,0
DA:153,0
DA:154,0
DA:155,0
DA:156,0
DA:157,0
DA:158,0
DA:160,0
DA:161,0
DA:165,0
DA:166,0
DA:167,0
DA:170,0
DA:172,0
DA:175,0
DA:179,0
DA:181,0
DA:182,0
DA:184,0
DA:206,0
DA:208,0
DA:210,0
DA:211,0
DA:212,0
DA:213,0
DA:214,0
DA:216,0
DA:217,0
DA:221,0
DA:223,0
DA:224,0
DA:229,0
DA:233,0
DA:235,0
DA:236,0
DA:237,0
DA:239,0
DA:261,0
DA:263,0
DA:264,0
DA:268,0
DA:270,0
DA:272,0
DA:274,0
DA:278,0
DA:281,0
DA:282,0
DA:284,0
DA:286,0
DA:287,0
DA:288,0
DA:292,0
DA:293,0
DA:294,0
DA:296,0
DA:298,0
DA:304,0
DA:306,0
DA:307,0
DA:308,0
DA:310,0
DA:311,0
DA:314,0
DA:325,0
DA:326,0
DA:327,0
DA:330,0
DA:332,0
DA:337,0
DA:338,0
DA:339,0
DA:341,0
DA:344,0
DA:355,0
DA:356,0
DA:357,0
DA:359,0
DA:361,0
DA:370,0
DA:371,0
DA:372,0
DA:375,0
DA:377,0
DA:382,0
DA:383,0
DA:384,0
DA:386,0
DA:389,0
DA:408,0
DA:415,0
DA:423,0
DA:429,0
DA:431,0
DA:433,0
DA:435,0
DA:437,0
DA:440,0
DA:441,0
DA:450,0
DA:453,0
DA:458,0
DA:459,0
LF:147
LH:0
end_of_record
SF:lib\b_views\z_components\sizing\horizon.dart
DA:8,16
DA:11,0
DA:15,0
DA:17,0
DA:18,0
DA:19,0
LF:6
LH:1
end_of_record
SF:lib\b_views\z_components\sizing\stratosphere.dart
DA:8,20
DA:12,0
DA:23,0
DA:26,0
DA:28,0
DA:29,0
DA:30,0
LF:7
LH:1
end_of_record
SF:lib\b_views\z_components\texting\text_field_bubble.dart
DA:14,0
DA:46,0
DA:79,0
DA:81,0
DA:82,0
DA:83,0
DA:91,0
DA:98,0
DA:107,0
DA:108,0
DA:109,0
DA:110,0
DA:111,0
DA:112,0
DA:114,0
DA:115,0
DA:116,0
DA:117,0
DA:118,0
DA:119,0
DA:120,0
DA:121,0
DA:122,0
DA:125,0
DA:126,0
DA:127,0
DA:130,0
DA:132,0
DA:135,0
DA:136,0
DA:139,0
DA:140,0
DA:144,0
DA:145,0
DA:148,0
DA:150,0
DA:151,0
DA:152,0
DA:153,0
DA:154,0
DA:155,0
DA:156,0
DA:157,0
DA:158,0
DA:159,0
DA:160,0
[...]
DA:27,1
DA:31,0
DA:38,0
DA:39,0
DA:50,0
DA:51,0
DA:53,0
DA:54,0
DA:57,0
DA:58,0
DA:59,0
DA:64,0
DA:65,0
DA:66,0
DA:70,0
DA:72,0
DA:73,0
DA:79,0
DA:81,0
DA:82,0
DA:85,0
DA:90,0
DA:91,0
DA:104,0
DA:105,0
DA:107,0
DA:108,0
DA:110,0
DA:111,0
DA:114,0
DA:142,0
DA:146,0
DA:147,0
DA:154,0
DA:159,0
DA:160,0
DA:165,0
DA:166,0
DA:168,0
DA:181,0
DA:182,0
DA:184,0
DA:191,0
DA:192,0
DA:194,0
DA:195,0
DA:196,0
DA:197,0
DA:199,0
DA:200,0
DA:212,0
DA:213,0
DA:215,0
DA:216,0
DA:217,0
DA:219,0
DA:220,0
DA:222,0
DA:223,0
DA:224,0
DA:226,0
DA:227,0
DA:233,0
DA:237,0
DA:239,0
DA:240,0
DA:262,0
DA:266,0
DA:267,0
DA:270,0
DA:272,0
DA:278,0
DA:280,0
DA:281,0
LF:74
LH:1
end_of_record
SF:lib\x_dashboard\a_modules\l_ldb_manager\ldb_manager_screen.dart
DA:20,1
DA:22,0
DA:24,0
DA:25,0
DA:27,0
DA:33,0
DA:36,0
DA:38,0
DA:40,0
DA:42,0
DA:43,0
DA:48,0
DA:52,0
DA:54,0
DA:56,0
DA:58,0
DA:60,0
DA:73,0
DA:77,0
DA:82,0
DA:85,0
DA:86,0
DA:88,0
DA:93,0
DA:97,0
DA:102,0
DA:104,0
DA:105,0
DA:106,0
LF:29
LH:1
end_of_record
SF:lib\x_dashboard\a_modules\l_ldb_manager\ldb_viewer_screen.dart
DA:20,0
DA:23,0
DA:27,0
DA:35,0
DA:42,0
DA:43,0
DA:45,0
DA:46,0
DA:48,0
DA:51,0
DA:54,0
DA:57,0
DA:58,0
DA:64,0
DA:66,0
DA:71,0
DA:74,0
DA:80,0
DA:81,0
DA:82,0
DA:84,0
DA:96,0
DA:97,0
DA:99,0
DA:101,0
DA:102,0
DA:111,0
DA:112,0
DA:114,0
DA:115,0
DA:118,0
DA:119,0
DA:120,0
DA:125,0
DA:126,0
DA:127,0
DA:130,0
DA:132,0
DA:136,0
DA:138,0
DA:140,0
DA:141,0
DA:142,0
DA:145,0
DA:149,0
DA:150,0
DA:151,0
DA:154,0
DA:155,0
DA:156,0
DA:160,0
DA:161,0
DA:164,0
DA:166,0
DA:170,0
DA:173,0
DA:174,0
DA:175,0
DA:179,0
DA:180,0
DA:187,0
DA:189,0
DA:190,0
DA:194,0
DA:196,0
DA:198,0
DA:199,0
DA:201,0
DA:204,0
DA:214,0
DA:216,0
DA:217,0
DA:218,0
DA:219,0
DA:221,0
DA:222,0
DA:225,0
DA:226,0
DA:227,0
DA:230,0
LF:80
LH:0
end_of_record
SF:lib\x_dashboard\a_modules\a_test_labs\zzz_test_lab.dart
DA:47,1
DA:49,0
DA:51,0
DA:52,0
DA:66,0
DA:69,0
DA:75,0
DA:77,0
DA:78,0
DA:79,0
DA:82,0
DA:84,0
DA:89,0
DA:99,0
DA:102,0
DA:105,0
DA:109,0
DA:111,0
DA:119,0
DA:120,0
DA:124,0
DA:126,0
DA:128,0
DA:129,0
DA:130,0
DA:137,0
DA:138,0
DA:140,0
DA:142,0
DA:143,0
DA:146,0
DA:149,0
DA:151,0
DA:154,0
DA:156,0
DA:158,0
DA:159,0
DA:161,0
DA:162,0
DA:166,0
DA:171,0
DA:179,0
DA:186,0
DA:207,0
DA:210,0
DA:225,0
DA:226,0
DA:228,0
DA:233,0
DA:237,0
DA:238,0
DA:239,0
DA:246,0
DA:254,0
DA:256,0
DA:263,0
DA:266,0
DA:268,0
DA:269,0
DA:271,0
DA:273,0
DA:275,0
DA:282,0
DA:284,0
DA:296,0
DA:297,0
DA:299,0
DA:306,0
DA:311,0
DA:324,0
DA:327,0
DA:331,0
DA:333,0
DA:335,0
DA:338,0
DA:339,0
DA:341,0
DA:342,0
DA:343,0
DA:346,0
DA:352,0
DA:353,0
DA:355,0
DA:356,0
DA:361,0
DA:362,0
DA:369,0
DA:371,0
DA:379,0
DA:388,0
DA:397,0
DA:400,0
DA:401,0
DA:405,0
DA:412,0
DA:416,0
DA:426,0
DA:432,0
DA:436,0
DA:438,0
DA:443,0
DA:445,0
DA:452,0
DA:453,0
DA:454,0
DA:456,0
DA:473,0
DA:477,0
LF:108
LH:1
end_of_record
SF:lib\x_dashboard\c_methods\exotic_methods.dart
DA:27,0
DA:31,0
DA:38,0
DA:48,0
DA:56,0
DA:69,0
DA:72,0
DA:74,0
DA:78,0
DA:79,0
DA:85,0
DA:90,0
DA:91,0
DA:93,0
DA:99,0
DA:105,0
DA:111,0
DA:123,0
DA:131,0
DA:137,0
DA:143,0
DA:151,0
DA:157,0
DA:164,0
DA:169,0
DA:175,0
DA:182,0
DA:187,0
DA:191,0
DA:193,0
DA:195,0
DA:197,0
DA:199,0
DA:205,0
DA:212,0
DA:215,0
DA:217,0
DA:219,0
DA:221,0
DA:222,0
DA:226,0
DA:227,0
DA:228,0
DA:229,0
DA:230,0
DA:231,0
DA:236,0
DA:238,0
DA:239,0
DA:240,0
DA:243,0
DA:244,0
DA:245,0
DA:246,0
DA:247,0
DA:252,0
DA:253,0
DA:254,0
DA:256,0
DA:257,0
DA:258,0
DA:261,0
DA:262,0
DA:263,0
DA:264,0
DA:265,0
DA:268,0
DA:271,0
DA:273,0
DA:282,0
DA:283,0
DA:292,0
DA:298,0
DA:305,0
DA:312,0
DA:313,0
DA:316,0
DA:321,0
DA:324,0
DA:327,0
DA:366,0
DA:375,0
DA:376,0
DA:377,0
DA:379,0
DA:381,0
DA:382,0
DA:383,0
DA:384,0
DA:387,0
DA:391,0
DA:400,0
DA:402,0
DA:406,0
DA:407,0
DA:412,0
DA:414,0
DA:415,0
DA:416,0
DA:417,0
DA:418,0
DA:421,0
DA:427,0
DA:430,0
DA:432,0
DA:442,0
DA:448,0
DA:450,0
DA:458,0
DA:464,0
DA:470,0
DA:480,0
DA:485,0
DA:488,0
DA:494,0
DA:539,0
DA:543,0
DA:551,0
DA:559,0
DA:566,0
DA:572,0
LF:121
LH:0
end_of_record
SF:lib\x_dashboard\a_modules\b_phrases_editor\pages\translations_creator_page.dart
DA:13,0
DA:18,0
DA:24,0
DA:27,0
DA:28,0
DA:30,0
DA:34,0
DA:37,0
DA:39,0
DA:42,0
DA:43,0
DA:44,0
DA:45,0
DA:48,0
DA:50,0
DA:51,0
DA:53,0
DA:58,0
DA:59,0
DA:69,0
DA:72,0
DA:73,0
DA:74,0
DA:75,0
DA:79,0
DA:82,0
DA:83,0
DA:84,0
DA:85,0
DA:89,0
DA:90,0
LF:31
LH:0
end_of_record
SF:lib\x_dashboard\a_modules\b_phrases_editor\translations_controller.dart
DA:14,0
DA:25,0
DA:27,0
DA:28,0
DA:29,0
DA:33,0
DA:35,0
DA:37,0
DA:40,0
DA:42,0
DA:44,0
DA:48,0
DA:50,0
DA:52,0
DA:56,0
DA:58,0
DA:66,0
DA:68,0
DA:76,0
DA:81,0
DA:83,0
DA:85,0
DA:90,0
DA:95,0
DA:96,0
DA:99,0
DA:100,0
DA:101,0
DA:104,0
DA:105,0
DA:261,0
DA:279,0
DA:283,0
DA:284,0
DA:288,0
DA:292,0
DA:296,0
DA:297,0
DA:301,0
DA:304,0
DA:307,0
DA:311,0
DA:312,0
DA:316,0
DA:320,0
DA:324,0
DA:325,0
DA:329,0
DA:339,0
DA:341,0
DA:345,0
DA:349,0
DA:359,0
DA:368,0
DA:369,0
DA:370,0
DA:372,0
DA:377,0
DA:379,0
DA:380,0
DA:382,0
DA:384,0
DA:386,0
DA:392,0
DA:398,0
DA:403,0
DA:404,0
DA:407,0
DA:408,0
DA:414,0
DA:423,0
DA:432,0
DA:435,0
DA:438,0
DA:446,0
DA:449,0
DA:459,0
DA:469,0
DA:477,0
DA:479,0
DA:480,0
DA:489,0
DA:496,0
DA:499,0
DA:503,0
DA:505,0
DA:510,0
DA:515,0
DA:520,0
DA:525,0
DA:527,0
DA:537,0
DA:540,0
DA:549,0
DA:560,0
DA:562,0
DA:567,0
DA:572,0
DA:573,0
DA:574,0
DA:576,0
LF:101
LH:0
end_of_record
SF:lib\x_dashboard\a_modules\b_phrases_editor\pages\translations_page.dart
DA:8,0
DA:20,0
DA:33,0
DA:36,0
DA:37,0
DA:38,0
DA:41,0
DA:43,0
DA:44,0
DA:45,0
DA:47,0
DA:48,0
DA:49,0
DA:53,0
DA:55,0
DA:60,0
DA:65,0
DA:66,0
DA:69,0
DA:70,0
DA:71,0
DA:74,0
DA:75,0
DA:77,0
DA:79,0
DA:81,0
DA:82,0
DA:83,0
DA:85,0
DA:86,0
DA:87,0
DA:105,0
DA:106,0
DA:107,0
DA:108,0
DA:109,0
DA:110,0
DA:111,0
DA:113,0
DA:114,0
DA:115,0
DA:117,0
DA:118,0
DA:119,0
DA:121,0
DA:124,0
DA:125,0
LF:47
LH:0
end_of_record
SF:lib\x_dashboard\a_modules\b_phrases_editor\widgets\translations_bubble.dart
DA:13,0
DA:22,0
DA:33,0
DA:37,0
DA:39,0
DA:41,0
DA:42,0
DA:44,0
DA:45,0
DA:46,0
DA:47,0
DA:48,0
DA:51,0
DA:52,0
DA:54,0
DA:56,0
DA:58,0
DA:59,0
DA:61,0
DA:62,0
DA:65,0
DA:66,0
DA:67,0
LF:23
LH:0
end_of_record
SF:lib\x_dashboard\a_modules\b_phrases_editor\translations_manager.dart
DA:27,1
DA:29,0
DA:31,0
DA:32,0
DA:50,0
DA:52,0
DA:54,0
DA:56,0
DA:57,0
DA:60,0
DA:61,0
DA:65,0
DA:66,0
DA:70,0
DA:73,0
DA:75,0
DA:76,0
DA:77,0
DA:78,0
DA:79,0
DA:80,0
DA:81,0
DA:82,0
DA:83,0
DA:84,0
DA:97,0
DA:102,0
DA:103,0
DA:104,0
DA:107,0
DA:108,0
DA:109,0
DA:114,0
DA:115,0
DA:140,0
DA:142,0
DA:143,0
DA:150,0
DA:151,0
DA:152,0
DA:221,0
DA:226,0
DA:227,0
DA:234,0
DA:238,0
DA:239,0
DA:240,0
DA:242,0
DA:245,0
DA:250,0
DA:251,0
DA:253,0
DA:254,0
DA:260,0
DA:263,0
DA:266,0
DA:267,0
DA:268,0
DA:270,0
DA:274,0
DA:275,0
DA:276,0
DA:278,0
DA:282,0
DA:290,0
DA:291,0
DA:300,0
DA:304,0
DA:305,0
DA:306,0
DA:309,0
DA:312,0
DA:319,0
DA:323,0
DA:331,0
DA:338,0
DA:345,0
DA:346,0
DA:353,0
DA:354,0
DA:355,0
DA:357,0
DA:358,0
DA:365,0
DA:370,0
DA:392,0
DA:393,0
DA:395,0
DA:398,0
DA:400,0
DA:401,0
DA:402,0
DA:403,0
DA:406,0
DA:407,0
DA:408,0
DA:412,0
DA:413,0
DA:414,0
DA:415,0
LF:100
LH:1
end_of_record
SF:lib\x_dashboard\a_modules\b_phrases_editor\widgets\translation_strip.dart
DA:13,0
DA:21,0
DA:30,0
DA:33,0
DA:35,0
DA:36,0
DA:37,0
DA:38,0
DA:43,0
DA:44,0
DA:46,0
DA:47,0
DA:51,0
DA:52,0
DA:54,0
DA:55,0
DA:57,0
DA:58,0
DA:59,0
DA:62,0
DA:63,0
DA:64,0
DA:71,0
DA:79,0
DA:84,0
DA:86,0
DA:89,0
DA:90,0
DA:91,0
DA:93,0
DA:94,0
DA:98,0
DA:101,0
DA:102,0
DA:106,0
DA:114,0
DA:115,0
DA:119,0
DA:122,0
DA:123,0
DA:127,0
DA:142,0
DA:143,0
DA:145,0
DA:148,0
DA:150,0
DA:151,0
DA:153,0
DA:156,0
DA:157,0
DA:159,0
LF:51
LH:0
end_of_record
SF:lib\x_dashboard\a_modules\c_chains_editor\chain_manager_pages\chain_editor_page.dart
DA:24,0
DA:31,0
DA:39,0
DA:42,0
DA:44,0
DA:45,0
DA:46,0
DA:47,0
DA:48,0
DA:49,0
DA:51,0
DA:53,0
DA:55,0
DA:59,0
DA:61,0
DA:62,0
DA:64,0
DA:65,0
DA:69,0
DA:70,0
DA:72,0
DA:77,0
DA:79,0
DA:80,0
DA:82,0
DA:90,0
DA:102,0
DA:108,0
DA:116,0
DA:122,0
DA:123,0
DA:131,0
DA:137,0
DA:141,0
DA:143,0
DA:146,0
DA:147,0
DA:153,0
DA:157,0
DA:163,0
DA:164,0
DA:173,0
DA:177,0
DA:180,0
DA:181,0
DA:186,0
LF:46
LH:0
end_of_record
SF:lib\x_dashboard\a_modules\c_chains_editor\chain_viewer_structure\chain_tree_viewer.dart
DA:8,0
DA:17,0
DA:27,0
DA:28,0
DA:36,0
DA:38,0
DA:39,0
DA:42,0
DA:44,0
DA:45,0
DA:48,0
DA:49,0
DA:52,0
DA:55,0
DA:56,0
DA:57,0
DA:59,0
DA:61,0
DA:66,0
DA:67,0
DA:68,0
DA:69,0
DA:70,0
DA:73,0
DA:76,0
DA:77,0
DA:81,0
DA:82,0
DA:83,0
DA:84,0
DA:86,0
DA:87,0
DA:88,0
DA:89,0
DA:96,0
DA:97,0
DA:98,0
DA:99,0
DA:103,0
DA:104,0
DA:105,0
DA:106,0
DA:107,0
DA:109,0
DA:110,0
DA:111,0
DA:112,0
DA:120,0
DA:121,0
DA:122,0
DA:123,0
DA:124,0
DA:125,0
DA:126,0
DA:127,0
DA:128,0
DA:133,0
DA:135,0
DA:137,0
DA:140,0
DA:141,0
DA:142,0
DA:143,0
DA:144,0
DA:146,0
DA:147,0
DA:148,0
DA:152,0
LF:68
LH:0
end_of_record
SF:lib\x_dashboard\a_modules\c_chains_editor\chain_viewer_structure\chains_tree_starter.dart
DA:9,0
DA:16,0
DA:24,0
DA:27,0
DA:28,0
DA:32,0
DA:33,0
DA:35,0
DA:37,0
DA:38,0
DA:40,0
DA:41,0
DA:42,0
LF:13
LH:0
end_of_record
SF:lib\x_dashboard\a_modules\c_chains_editor\chain_manager_pages\chains_viewer_page.dart
DA:10,0
DA:18,0
DA:27,0
DA:29,0
DA:30,0
DA:33,0
DA:34,0
DA:35,0
DA:37,0
DA:38,0
DA:39,0
DA:40,0
DA:42,0
DA:43,0
DA:45,0
DA:46,0
DA:54,0
DA:55,0
DA:56,0
DA:57,0
DA:58,0
LF:21
LH:0
end_of_record
SF:lib\x_dashboard\a_modules\c_chains_editor\chain_viewer_structure\chain_tree_strip.dart
DA:14,0
DA:24,0
DA:37,0
DA:40,0
DA:44,0
DA:45,0
DA:47,0
DA:49,0
DA:50,0
DA:52,0
DA:53,0
DA:56,0
DA:57,0
DA:58,0
DA:61,0
DA:63,0
DA:66,0
DA:69,0
DA:77,0
DA:78,0
DA:80,0
DA:83,0
DA:86,0
DA:88,0
DA:91,0
DA:94,0
DA:97,0
DA:99,0
DA:100,0
DA:110,0
DA:112,0
DA:115,0
DA:116,0
DA:119,0
DA:124,0
DA:125,0
DA:129,0
LF:37
LH:0
end_of_record
SF:lib\x_dashboard\a_modules\c_chains_editor\chains_controller.dart
DA:21,0
DA:26,0
DA:28,0
DA:30,0
DA:35,0
DA:42,0
DA:44,0
DA:51,0
DA:52,0
DA:57,0
DA:84,0
DA:92,0
DA:94,0
DA:100,0
DA:102,0
DA:103,0
DA:112,0
DA:118,0
DA:124,0
DA:128,0
DA:142,0
DA:144,0
DA:145,0
DA:150,0
DA:154,0
DA:158,0
DA:166,0
DA:176,0
DA:182,0
DA:184,0
DA:189,0
DA:190,0
DA:202,0
DA:208,0
DA:214,0
DA:216,0
DA:227,0
DA:234,0
DA:236,0
DA:238,0
DA:239,0
DA:240,0
DA:245,0
DA:248,0
DA:249,0
DA:254,0
DA:257,0
DA:258,0
DA:262,0
DA:266,0
DA:267,0
DA:268,0
DA:282,0
DA:284,0
DA:293,0
DA:295,0
DA:304,0
DA:305,0
DA:308,0
DA:309,0
DA:312,0
DA:317,0
DA:320,0
DA:326,0
DA:327,0
DA:328,0
DA:333,0
DA:334,0
DA:338,0
DA:345,0
DA:350,0
DA:356,0
DA:362,0
DA:363,0
DA:364,0
DA:369,0
DA:370,0
DA:376,0
LF:78
LH:0
end_of_record
SF:lib\x_dashboard\a_modules\c_chains_editor\chains_manager_screen.dart
DA:24,1
DA:26,0
DA:28,0
DA:29,0
DA:43,0
DA:45,0
DA:47,0
DA:48,0
DA:49,0
DA:51,0
DA:52,0
DA:99,0
DA:105,0
DA:117,0
DA:119,0
DA:120,0
DA:121,0
DA:122,0
DA:123,0
DA:124,0
DA:125,0
DA:126,0
DA:129,0
DA:134,0
DA:135,0
DA:137,0
DA:138,0
DA:149,0
DA:153,0
DA:155,0
DA:156,0
DA:158,0
DA:164,0
DA:167,0
DA:169,0
DA:170,0
DA:171,0
DA:173,0
DA:175,0
DA:178,0
DA:186,0
DA:187,0
DA:192,0
DA:193,0
DA:196,0
DA:200,0
DA:204,0
DA:205,0
DA:210,0
DA:216,0
DA:218,0
DA:224,0
DA:229,0
DA:231,0
DA:237,0
DA:239,0
DA:242,0
DA:245,0
DA:249,0
DA:252,0
DA:254,0
DA:256,0
DA:258,0
DA:263,0
DA:266,0
DA:267,0
DA:268,0
DA:269,0
DA:283,0
DA:285,0
DA:286,0
DA:288,0
DA:290,0
DA:291,0
DA:292,0
DA:294,0
DA:299,0
DA:301,0
DA:302,0
DA:304,0
DA:306,0
DA:308,0
DA:309,0
DA:311,0
DA:312,0
DA:313,0
DA:314,0
DA:315,0
LF:88
LH:1
end_of_record
SF:lib\x_dashboard\a_modules\e_zones_editor\country_screen.dart
DA:25,0
DA:28,0
DA:33,0
DA:34,0
DA:54,0
DA:56,0
DA:57,0
DA:60,0
DA:61,0
DA:62,0
DA:66,0
DA:67,0
DA:68,0
DA:72,0
DA:74,0
DA:76,0
DA:78,0
DA:79,0
DA:80,0
DA:81,0
DA:82,0
DA:84,0
DA:88,0
DA:90,0
DA:92,0
DA:103,0
DA:107,0
DA:109,0
DA:115,0
DA:117,0
DA:122,0
DA:123,0
DA:125,0
DA:126,0
DA:131,0
DA:132,0
DA:135,0
DA:140,0
DA:143,0
DA:148,0
DA:149,0
DA:158,0
DA:161,0
DA:162,0
DA:165,0
DA:167,0
DA:168,0
DA:172,0
DA:175,0
DA:176,0
DA:179,0
DA:181,0
DA:182,0
DA:186,0
DA:187,0
DA:189,0
DA:190,0
DA:195,0
DA:196,0
DA:197,0
DA:203,0
DA:206,0
DA:207,0
DA:210,0
DA:212,0
DA:213,0
DA:217,0
DA:220,0
DA:221,0
DA:224,0
DA:226,0
DA:227,0
DA:233,0
DA:237,0
DA:240,0
DA:241,0
DA:242,0
DA:243,0
DA:245,0
DA:246,0
DA:251,0
DA:255,0
DA:258,0
DA:259,0
DA:260,0
DA:261,0
DA:263,0
DA:264,0
DA:270,0
DA:271,0
DA:272,0
DA:273,0
DA:274,0
DA:276,0
DA:277,0
LF:95
LH:0
end_of_record
SF:lib\x_dashboard\a_modules\e_zones_editor\zones_manager_screen.dart
DA:22,1
DA:24,0
DA:25,0
DA:35,0
DA:36,0
DA:38,0
DA:39,0
DA:42,0
DA:43,0
DA:44,0
DA:49,0
DA:50,0
DA:51,0
DA:55,0
DA:57,0
DA:58,0
DA:63,0
DA:65,0
DA:66,0
DA:67,0
DA:69,0
DA:74,0
DA:75,0
DA:78,0
DA:79,0
DA:80,0
DA:81,0
DA:85,0
DA:86,0
DA:92,0
DA:96,0
DA:101,0
DA:103,0
DA:104,0
DA:105,0
DA:106,0
DA:110,0
DA:112,0
DA:114,0
DA:120,0
DA:121,0
DA:123,0
DA:125,0
DA:127,0
DA:128,0
DA:130,0
DA:131,0
DA:133,0
DA:135,0
DA:136,0
DA:143,0
DA:144,0
LF:52
LH:1
end_of_record
SF:lib\x_dashboard\a_modules\f_bzz_manager\bzz_manager_screen.dart
DA:25,1
DA:27,0
DA:28,0
DA:39,0
DA:41,0
DA:42,0
DA:45,0
DA:46,0
DA:47,0
DA:51,0
DA:52,0
DA:54,0
DA:58,0
DA:60,0
DA:62,0
DA:67,0
DA:69,0
DA:70,0
DA:71,0
DA:74,0
DA:79,0
DA:85,0
DA:86,0
DA:90,0
DA:94,0
DA:95,0
DA:96,0
DA:97,0
DA:103,0
DA:104,0
DA:106,0
DA:107,0
DA:112,0
DA:113,0
DA:114,0
DA:124,0
DA:125,0
DA:126,0
DA:127,0
DA:130,0
DA:131,0
DA:133,0
DA:138,0
DA:139,0
DA:141,0
DA:142,0
DA:146,0
DA:147,0
DA:148,0
DA:157,0
DA:159,0
DA:161,0
DA:166,0
DA:168,0
DA:171,0
DA:174,0
DA:177,0
DA:182,0
DA:183,0
DA:185,0
DA:186,0
DA:190,0
DA:191,0
DA:192,0
DA:194,0
DA:195,0
DA:200,0
DA:202,0
DA:204,0
DA:206,0
DA:208,0
DA:211,0
DA:215,0
DA:216,0
DA:218,0
DA:237,0
DA:242,0
DA:244,0
DA:250,0
DA:251,0
DA:253,0
DA:255,0
DA:257,0
DA:261,0
DA:262,0
DA:264,0
DA:283,0
DA:285,0
DA:288,0
DA:290,0
DA:293,0
DA:295,0
DA:298,0
DA:300,0
DA:303,0
DA:305,0
DA:308,0
DA:310,0
DA:313,0
DA:315,0
DA:318,0
DA:320,0
DA:323,0
DA:325,0
DA:328,0
DA:330,0
DA:333,0
DA:335,0
DA:338,0
DA:340,0
DA:343,0
DA:345,0
DA:348,0
DA:350,0
DA:353,0
DA:355,0
DA:358,0
DA:360,0
DA:363,0
DA:365,0
DA:368,0
DA:370,0
DA:373,0
DA:375,0
DA:378,0
DA:380,0
DA:383,0
DA:385,0
DA:388,0
DA:390,0
DA:393,0
DA:395,0
DA:398,0
DA:400,0
LF:134
LH:1
end_of_record
SF:lib\x_dashboard\a_modules\g_users_manager\users_manager_screen.dart
DA:17,1
DA:19,0
DA:20,0
DA:27,0
DA:29,0
DA:30,0
DA:33,0
DA:34,0
DA:35,0
DA:39,0
DA:40,0
DA:41,0
DA:45,0
DA:47,0
DA:52,0
DA:54,0
DA:55,0
DA:58,0
DA:63,0
DA:64,0
DA:72,0
DA:73,0
DA:77,0
DA:81,0
DA:86,0
DA:87,0
DA:88,0
DA:91,0
DA:92,0
DA:97,0
DA:99,0
DA:101,0
DA:102,0
DA:103,0
DA:105,0
DA:106,0
DA:107,0
DA:113,0
DA:115,0
DA:120,0
DA:122,0
DA:126,0
DA:130,0
DA:131,0
DA:135,0
DA:136,0
DA:138,0
DA:142,0
DA:143,0
DA:144,0
DA:145,0
DA:147,0
LF:52
LH:1
end_of_record
SF:lib\x_dashboard\a_modules\h_flyers_auditor\flyers_auditor_screen.dart
DA:26,1
DA:28,0
DA:29,0
DA:43,0
DA:45,0
DA:46,0
DA:49,0
DA:50,0
DA:51,0
DA:55,0
DA:56,0
DA:57,0
DA:60,0
DA:62,0
DA:63,0
DA:66,0
DA:68,0
DA:69,0
DA:73,0
DA:75,0
DA:76,0
DA:79,0
DA:84,0
DA:85,0
DA:89,0
DA:90,0
DA:91,0
DA:92,0
DA:96,0
DA:100,0
DA:105,0
DA:107,0
DA:111,0
DA:112,0
DA:113,0
DA:114,0
DA:115,0
DA:116,0
DA:117,0
DA:118,0
DA:119,0
DA:140,0
DA:141,0
DA:143,0
DA:144,0
DA:145,0
DA:147,0
DA:149,0
DA:152,0
DA:154,0
DA:155,0
DA:157,0
DA:159,0
DA:160,0
DA:163,0
DA:164,0
DA:171,0
DA:175,0
DA:177,0
DA:178,0
DA:179,0
DA:187,0
DA:190,0
DA:191,0
DA:195,0
DA:196,0
DA:201,0
DA:204,0
DA:208,0
DA:209,0
DA:210,0
DA:213,0
DA:217,0
DA:218,0
DA:219,0
DA:220,0
DA:224,0
DA:226,0
DA:227,0
DA:228,0
DA:234,0
DA:236,0
DA:237,0
DA:238,0
DA:243,0
DA:246,0
DA:247,0
DA:248,0
DA:249,0
DA:254,0
DA:261,0
DA:263,0
DA:264,0
DA:273,0
DA:274,0
DA:279,0
DA:280,0
DA:282,0
DA:287,0
DA:290,0
DA:291,0
DA:292,0
DA:293,0
DA:297,0
DA:298,0
DA:300,0
DA:307,0
DA:309,0
DA:312,0
DA:313,0
DA:318,0
DA:321,0
DA:330,0
DA:331,0
DA:332,0
DA:334,0
DA:337,0
DA:338,0
DA:339,0
DA:340,0
DA:341,0
DA:347,0
DA:351,0
DA:352,0
DA:358,0
DA:360,0
DA:361,0
DA:370,0
DA:371,0
DA:374,0
DA:376,0
DA:377,0
DA:378,0
DA:380,0
DA:381,0
DA:383,0
DA:386,0
DA:387,0
DA:389,0
DA:394,0
DA:395,0
DA:398,0
DA:399,0
DA:401,0
DA:404,0
DA:405,0
DA:407,0
DA:412,0
DA:413,0
DA:414,0
DA:428,0
DA:430,0
DA:433,0
DA:434,0
DA:437,0
DA:438,0
DA:440,0
DA:441,0
DA:447,0
DA:449,0
DA:451,0
DA:491,0
DA:492,0
DA:493,0
DA:494,0
DA:500,0
DA:503,0
DA:504,0
DA:506,0
DA:507,0
DA:510,0
DA:512,0
DA:513,0
DA:515,0
DA:517,0
DA:518,0
DA:519,0
DA:521,0
DA:526,0
DA:527,0
DA:528,0
DA:529,0
DA:530,0
DA:531,0
DA:538,0
DA:542,0
DA:543,0
DA:545,0
DA:546,0
DA:548,0
DA:550,0
DA:551,0
DA:552,0
DA:554,0
DA:556,0
DA:565,0
DA:570,0
DA:575,0
DA:578,0
DA:580,0
DA:584,0
DA:588,0
DA:592,0
DA:608,0
DA:614,0
DA:623,0
DA:627,0
DA:629,0
DA:632,0
DA:634,0
DA:637,0
DA:638,0
DA:643,0
DA:645,0
DA:646,0
DA:647,0
DA:648,0
DA:649,0
LF:218
LH:1
end_of_record
SF:lib\x_dashboard\b_widgets\layout\floating_layout.dart
DA:7,0
DA:10,0
DA:14,0
DA:16,0
DA:17,0
DA:18,0
DA:19,0
LF:7
LH:0
end_of_record
SF:lib\x_dashboard\a_modules\i_flyers_manager\all_flyers_screen.dart
DA:12,1
DA:14,0
DA:15,0
DA:23,0
DA:25,0
DA:26,0
DA:29,0
DA:30,0
DA:31,0
DA:35,0
DA:36,0
DA:37,0
DA:41,0
DA:43,0
DA:44,0
DA:45,0
DA:47,0
DA:53,0
DA:55,0
DA:56,0
DA:58,0
DA:59,0
DA:63,0
DA:69,0
DA:70,0
DA:122,0
DA:124,0
DA:130,0
DA:131,0
DA:133,0
DA:134,0
DA:135,0
DA:137,0
DA:138,0
LF:34
LH:1
end_of_record
SF:lib\x_dashboard\a_modules\j_statistics\statistics_screen.dart
DA:20,1
DA:22,0
DA:24,0
DA:26,0
DA:30,0
DA:43,0
DA:44,0
DA:49,0
DA:51,0
DA:59,0
DA:61,0
DA:62,0
DA:63,0
DA:64,0
DA:65,0
DA:67,0
DA:69,0
DA:82,0
DA:90,0
DA:98,0
DA:100,0
DA:106,0
DA:108,0
DA:114,0
DA:116,0
DA:123,0
DA:125,0
DA:130,0
DA:131,0
DA:140,0
DA:142,0
DA:148,0
DA:150,0
DA:158,0
DA:159,0
DA:160,0
DA:161,0
DA:166,0
DA:168,0
DA:174,0
DA:176,0
DA:184,0
DA:185,0
DA:186,0
DA:187,0
DA:192,0
DA:194,0
DA:200,0
DA:202,0
DA:208,0
DA:210,0
DA:218,0
DA:219,0
DA:220,0
DA:221,0
DA:226,0
DA:228,0
DA:234,0
DA:236,0
DA:244,0
DA:245,0
DA:246,0
DA:247,0
DA:252,0
DA:254,0
DA:260,0
DA:262,0
DA:270,0
DA:272,0
DA:274,0
DA:277,0
DA:278,0
DA:284,0
DA:287,0
DA:289,0
DA:295,0
DA:297,0
DA:303,0
DA:305,0
DA:311,0
DA:313,0
DA:319,0
DA:321,0
DA:327,0
DA:329,0
DA:336,0
DA:338,0
LF:87
LH:1
end_of_record
SF:lib\x_dashboard\a_modules\k_currency_manager\currency_manager.dart
DA:18,1
DA:20,0
DA:22,0
DA:25,0
DA:27,0
DA:28,0
DA:30,0
DA:37,0
DA:41,0
DA:43,0
DA:47,0
DA:51,0
DA:53,0
DA:54,0
DA:56,0
DA:57,0
DA:59,0
DA:61,0
DA:63,0
DA:68,0
DA:71,0
LF:21
LH:1
end_of_record
SF:lib\x_dashboard\a_modules\k_currency_manager\currency_manager_controllers.dart
DA:6,0
DA:8,0
DA:14,0
DA:23,0
LF:4
LH:0
end_of_record
SF:lib\x_dashboard\a_modules\k_pricing_manager\pricing_screen.dart
DA:12,1
DA:14,0
DA:16,0
DA:18,0
DA:19,0
DA:20,0
DA:21,0
DA:25,0
DA:27,0
DA:28,0
DA:30,0
DA:32,0
DA:33,0
DA:34,0
DA:35,0
DA:37,0
DA:39,0
DA:41,0
DA:43,0
DA:45,0
DA:47,0
DA:48,0
DA:49,0
DA:51,0
DA:54,0
DA:56,0
DA:57,0
DA:58,0
DA:62,0
DA:63,0
DA:65,0
DA:68,0
DA:72,0
DA:74,0
DA:87,0
DA:97,0
LF:36
LH:1
end_of_record
SF:lib\x_dashboard\a_modules\l_ldb_manager\value_box.dart
DA:8,0
DA:13,0
DA:21,0
DA:23,0
DA:24,0
DA:26,0
DA:28,0
DA:31,0
DA:33,0
DA:35,0
DA:36,0
DA:37,0
DA:42,0
DA:43,0
LF:14
LH:0
end_of_record
SF:lib\x_dashboard\a_modules\m_ui_manager\emoji_test_screen.dart
DA:11,1
DA:13,0
DA:15,0
DA:17,0
DA:20,0
DA:21,0
DA:22,0
DA:28,0
DA:29,0
DA:35,0
DA:37,0
DA:41,0
DA:45,0
DA:46,0
DA:53,0
DA:54,0
DA:56,0
DA:59,0
DA:62,0
DA:75,1
DA:87,0
LF:21
LH:2
end_of_record
SF:lib\x_dashboard\a_modules\m_ui_manager\icons_viewer_screen.dart
DA:13,1
DA:15,0
DA:17,0
DA:24,0
DA:27,0
DA:30,0
DA:31,0
DA:35,0
DA:39,0
DA:47,0
DA:48,0
DA:49,0
DA:50,0
DA:51,0
DA:54,0
DA:59,0
DA:61,0
DA:63,0
DA:64,0
DA:65,0
LF:20
LH:1
end_of_record
SF:lib\x_dashboard\a_modules\m_ui_manager\ui_manager_screen.dart
DA:10,1
DA:12,0
DA:14,0
DA:16,0
DA:17,0
DA:20,0
DA:21,0
DA:24,0
DA:27,0
DA:28,0
LF:10
LH:1
end_of_record
SF:lib\x_dashboard\b_widgets\dream_wrapper.dart
DA:11,0
DA:21,0
DA:34,0
DA:36,0
DA:37,0
DA:39,0
DA:41,0
DA:42,0
DA:43,0
DA:44,0
DA:45,0
DA:47,0
DA:48,0
DA:50,0
DA:52,0
DA:54,0
DA:55,0
DA:56,0
DA:57,0
DA:58,0
DA:60,0
DA:61,0
DA:62,0
DA:63,0
DA:67,0
LF:25
LH:0
end_of_record
